{"logTime": "0315/172132", "correlationVector":"WN0cTavDnNkOCXhDPxSEGl.2","action":"GetUpdates", "result":"DeleteReceived", "context":{"id":"9b2201ed-6766-4524-94aa-a51e586b7cfc", "isDeleted:":"true", "version":"1710523346125"}}
{"logTime": "0315/172132", "correlationVector":"WN0cTavDnNkOCXhDPxSEGl.3","action":"GetUpdates Response", "result":"SYNCER_OK", "context":Received 3 update(s). cV=WN0cTavDnNkOCXhDPxSEGl.0;server=GENERAL0300000E;cloudType=Consumer;environment=Prod_SoutheastAsia_000j;migrationStage=NotStarted}
{"logTime": "0315/172132", "correlationVector":"uRS2MzVGkYPrdc6XXpMg5a","action":"Commit Request", "result":"", "context":Item count: 2
Contributing types: Preferences, Sessions}
{"logTime": "0315/172132", "correlationVector":"uRS2MzVGkYPrdc6XXpMg5a.1","action":"SyncServerConnectionManagerRequest", "result":"SYNC_SERVER_OK", "context":{"environment":"Prod_SoutheastAsia_000j", "migrationStage":"NotStarted", "server":"GENERAL03000022"}}
{"logTime": "0315/172132", "correlationVector":"uRS2MzVGkYPrdc6XXpMg5a.2","action":"Commit Response", "result":"SYNCER_OK", "context":Result: SYNCER_OK. cV=uRS2MzVGkYPrdc6XXpMg5a.0;server=GENERAL03000022;cloudType=Consumer;environment=Prod_SoutheastAsia_000j;migrationStage=NotStarted}
{"logTime": "0315/172151", "correlationVector":"Sab4PKouNbPpZ9CMhEdXi9","action":"Commit Request", "result":"", "context":Item count: 2
Contributing types: Preferences}
{"logTime": "0315/172152", "correlationVector":"Sab4PKouNbPpZ9CMhEdXi9.1","action":"SyncServerConnectionManagerRequest", "result":"SYNC_SERVER_OK", "context":{"environment":"Prod_SoutheastAsia_000j", "migrationStage":"NotStarted", "server":"general0300001S"}}
{"logTime": "0315/172152", "correlationVector":"Sab4PKouNbPpZ9CMhEdXi9.2","action":"Commit Response", "result":"SYNCER_OK", "context":Result: SYNCER_OK. cV=Sab4PKouNbPpZ9CMhEdXi9.0;server=general0300001S;cloudType=Consumer;environment=Prod_SoutheastAsia_000j;migrationStage=NotStarted}
{"logTime": "0315/172154", "correlationVector":"XoiiSkkV072qwnaY1OUygL","action":"Commit Request", "result":"", "context":Item count: 1
Contributing types: Preferences}
{"logTime": "0315/172154", "correlationVector":"XoiiSkkV072qwnaY1OUygL.1","action":"SyncServerConnectionManagerRequest", "result":"SYNC_SERVER_OK", "context":{"environment":"Prod_SoutheastAsia_000j", "migrationStage":"NotStarted", "server":"GENERAL03000016"}}
{"logTime": "0315/172154", "correlationVector":"XoiiSkkV072qwnaY1OUygL.2","action":"Commit Response", "result":"SYNCER_OK", "context":Result: SYNCER_OK. cV=XoiiSkkV072qwnaY1OUygL.0;server=GENERAL03000016;cloudType=Consumer;environment=Prod_SoutheastAsia_000j;migrationStage=NotStarted}
{"logTime": "0315/172226", "correlationVector":"oBbivHTYT5b+tOXFJ36u+J","action":"Commit Request", "result":"", "context":Item count: 1
Contributing types: Sessions}
{"logTime": "0315/172227", "correlationVector":"oBbivHTYT5b+tOXFJ36u+J.1","action":"SyncServerConnectionManagerRequest", "result":"SYNC_SERVER_OK", "context":{"environment":"Prod_SoutheastAsia_000j", "migrationStage":"NotStarted", "server":"GENERAL0300000W"}}
{"logTime": "0315/172227", "correlationVector":"oBbivHTYT5b+tOXFJ36u+J.2","action":"Commit Response", "result":"SYNCER_OK", "context":Result: SYNCER_OK. cV=oBbivHTYT5b+tOXFJ36u+J.0;server=GENERAL0300000W;cloudType=Consumer;environment=Prod_SoutheastAsia_000j;migrationStage=NotStarted}
{"logTime": "0315/181403", "correlationVector":"JxyL0Ce3tgbDG8fWm8ve2y.1","action":"SyncServerConnectionManagerRequest", "result":"SYNC_SERVER_OK", "context":{"environment":"Prod_SoutheastAsia_000j", "migrationStage":"NotStarted", "server":"GENERAL0300001I"}}
{"logTime": "0315/181403", "correlationVector":"JxyL0Ce3tgbDG8fWm8ve2y","action":"Initial GetUpdates", "result":"", "context":Reason: NEW_CLIENT. cV=JxyL0Ce3tgbDG8fWm8ve2y}
{"logTime": "0315/181403", "correlationVector":"JxyL0Ce3tgbDG8fWm8ve2y.2","action":"GetUpdates Response", "result":"SYNCER_OK", "context":Received 1 update(s). cV=JxyL0Ce3tgbDG8fWm8ve2y.0;server=GENERAL0300001I;cloudType=Consumer;environment=Prod_SoutheastAsia_000j;migrationStage=NotStarted}
{"logTime": "0315/181403", "correlationVector":"3bVgHMsGyhazdIv64Sbd+Y","action":"Initial GetUpdates", "result":"", "context":Reason: NEWLY_SUPPORTED_DATATYPE. cV=3bVgHMsGyhazdIv64Sbd+Y}
{"logTime": "0315/181403", "correlationVector":"3bVgHMsGyhazdIv64Sbd+Y.1","action":"SyncServerConnectionManagerRequest", "result":"SYNC_SERVER_OK", "context":{"environment":"Prod_SoutheastAsia_000j", "migrationStage":"NotStarted", "server":"GENERAL0100000U"}}
{"logTime": "0315/181403", "correlationVector":"3bVgHMsGyhazdIv64Sbd+Y.2","action":"GetUpdates", "result":"DeleteReceived", "context":{"id":"65f145dc-7685-437a-b739-4c9c1961c4d5", "isDeleted:":"true", "version":"1686142791540"}}
{"logTime": "0315/181403", "correlationVector":"3bVgHMsGyhazdIv64Sbd+Y.3","action":"GetUpdates", "result":"DeleteReceived", "context":{"id":"d48ff3fb-07e2-4b5e-b3d5-08f213f6e714", "isDeleted:":"true", "version":"1686142798909"}}
{"logTime": "0315/181403", "correlationVector":"3bVgHMsGyhazdIv64Sbd+Y.4","action":"GetUpdates", "result":"DeleteReceived", "context":{"id":"5a431148-7c8b-4aac-a1c9-edcb0839b253", "isDeleted:":"true", "version":"1686142803916"}}
{"logTime": "0315/181403", "correlationVector":"3bVgHMsGyhazdIv64Sbd+Y.5","action":"GetUpdates", "result":"DeleteReceived", "context":{"id":"2b175b0e-4395-40bc-a540-7de1eee3fdcd", "isDeleted:":"true", "version":"1686485330350"}}
{"logTime": "0315/181403", "correlationVector":"3bVgHMsGyhazdIv64Sbd+Y.6","action":"GetUpdates", "result":"DeleteReceived", "context":{"id":"eb892d78-521e-4fe3-b3b6-ea0674960f5c", "isDeleted:":"true", "version":"1686485331228"}}
{"logTime": "0315/181403", "correlationVector":"3bVgHMsGyhazdIv64Sbd+Y.7","action":"GetUpdates", "result":"DeleteReceived", "context":{"id":"46159ad5-0840-41a8-864f-790b3086b59a", "isDeleted:":"true", "version":"1686485335819"}}
{"logTime": "0315/181403", "correlationVector":"3bVgHMsGyhazdIv64Sbd+Y.8","action":"GetUpdates", "result":"DeleteReceived", "context":{"id":"adf6e0e5-56f0-4688-a676-bcc8220d3e9d", "isDeleted:":"true", "version":"1686584069525"}}
{"logTime": "0315/181403", "correlationVector":"3bVgHMsGyhazdIv64Sbd+Y.9","action":"GetUpdates", "result":"DeleteReceived", "context":{"id":"d7175d23-99d7-47f1-a667-78f756e1b9c2", "isDeleted:":"true", "version":"1686584070180"}}
{"logTime": "0315/181403", "correlationVector":"3bVgHMsGyhazdIv64Sbd+Y.10","action":"GetUpdates", "result":"DeleteReceived", "context":{"id":"143d5f49-7c22-4b4f-b24f-96f639edffcf", "isDeleted:":"true", "version":"1686584070846"}}
{"logTime": "0315/181403", "correlationVector":"3bVgHMsGyhazdIv64Sbd+Y.11","action":"GetUpdates", "result":"DeleteReceived", "context":{"id":"336f8455-12b5-4704-801d-c5052ab96657", "isDeleted:":"true", "version":"1686584073608"}}
{"logTime": "0315/181403", "correlationVector":"3bVgHMsGyhazdIv64Sbd+Y.12","action":"GetUpdates", "result":"DeleteReceived", "context":{"id":"4d6bccf3-8337-4421-97bd-294f9f6cab0d", "isDeleted:":"true", "version":"1687946916529"}}
{"logTime": "0315/181403", "correlationVector":"3bVgHMsGyhazdIv64Sbd+Y.13","action":"GetUpdates", "result":"DeleteReceived", "context":{"id":"295d6b6a-2cef-4778-84fb-e4bc31ee3603", "isDeleted:":"true", "version":"1688715537841"}}
{"logTime": "0315/181403", "correlationVector":"3bVgHMsGyhazdIv64Sbd+Y.14","action":"GetUpdates", "result":"DeleteReceived", "context":{"id":"ee88c98c-57e4-440f-be49-120d4f8c8e9c", "isDeleted:":"true", "version":"1696143204857"}}
{"logTime": "0315/181403", "correlationVector":"3bVgHMsGyhazdIv64Sbd+Y.15","action":"GetUpdates", "result":"DeleteReceived", "context":{"id":"1aad802a-7e24-4800-bbce-3a39958dbd29", "isDeleted:":"true", "version":"1698508973940"}}
{"logTime": "0315/181403", "correlationVector":"3bVgHMsGyhazdIv64Sbd+Y.16","action":"GetUpdates", "result":"DeleteReceived", "context":{"id":"f956ea71-f83c-44b0-8880-8a6e928f7493", "isDeleted:":"true", "version":"1699956069194"}}
{"logTime": "0315/181403", "correlationVector":"3bVgHMsGyhazdIv64Sbd+Y.17","action":"GetUpdates", "result":"DeleteReceived", "context":{"id":"d794a992-6e3b-4766-acd4-cff1e71e920d", "isDeleted:":"true", "version":"1699956069974"}}
{"logTime": "0315/181403", "correlationVector":"3bVgHMsGyhazdIv64Sbd+Y.18","action":"GetUpdates", "result":"DeleteReceived", "context":{"id":"9e2ed2c8-dea9-4acb-95d6-cbb4cee453f4", "isDeleted:":"true", "version":"1699956070709"}}
{"logTime": "0315/181403", "correlationVector":"3bVgHMsGyhazdIv64Sbd+Y.19","action":"GetUpdates", "result":"DeleteReceived", "context":{"id":"87ce09c8-0453-4191-90b1-6ac05e4cb168", "isDeleted:":"true", "version":"1699956073388"}}
{"logTime": "0315/181403", "correlationVector":"3bVgHMsGyhazdIv64Sbd+Y.20","action":"GetUpdates", "result":"DeleteReceived", "context":{"id":"d5143e79-4d62-4497-a45a-8c8229a7832e", "isDeleted:":"true", "version":"1704378730133"}}
{"logTime": "0315/181403", "correlationVector":"3bVgHMsGyhazdIv64Sbd+Y.21","action":"GetUpdates", "result":"DeleteReceived", "context":{"id":"af1c7a08-8255-47ed-ad07-c1fccfda9b48", "isDeleted:":"true", "version":"1704530106908"}}
{"logTime": "0315/181403", "correlationVector":"3bVgHMsGyhazdIv64Sbd+Y.22","action":"GetUpdates", "result":"DeleteReceived", "context":{"id":"f48c249a-c31e-450c-b72b-00d75025153c", "isDeleted:":"true", "version":"1704530122309"}}
{"logTime": "0315/181403", "correlationVector":"3bVgHMsGyhazdIv64Sbd+Y.23","action":"GetUpdates", "result":"DeleteReceived", "context":{"id":"325f481c-2fd8-4b6b-9961-72355cadbfe9", "isDeleted:":"true", "version":"1704530135097"}}
{"logTime": "0315/181403", "correlationVector":"3bVgHMsGyhazdIv64Sbd+Y.24","action":"GetUpdates", "result":"DeleteReceived", "context":{"id":"37e51997-74f9-4828-abb6-61adbe5729c1", "isDeleted:":"true", "version":"1704530135900"}}
{"logTime": "0315/181403", "correlationVector":"3bVgHMsGyhazdIv64Sbd+Y.25","action":"GetUpdates", "result":"DeleteReceived", "context":{"id":"b877247d-8e7f-4871-94e2-5c1562793f8f", "isDeleted:":"true", "version":"1704530144428"}}
{"logTime": "0315/181403", "correlationVector":"3bVgHMsGyhazdIv64Sbd+Y.26","action":"GetUpdates Response", "result":"SYNCER_OK", "context":Received 215 update(s). cV=3bVgHMsGyhazdIv64Sbd+Y.0;server=GENERAL0100000U;cloudType=Consumer;environment=Prod_SoutheastAsia_000j;migrationStage=NotStarted}
{"logTime": "0315/181404", "correlationVector":"ng0R+v8j3K5bHDnv3ZE2XH","action":"Normal GetUpdate request", "result":"", "context":cV=ng0R+v8j3K5bHDnv3ZE2XH
Nudged types: Sessions
Refresh requested types: Bookmarks, Preferences, Passwords, Autofill Profiles, Autofill, Typed URLs, Extensions, Sessions, Extension settings, History Delete Directives, Device Info, User Consents, Send Tab To Self, Web Apps, Collection, Edge E Drop, Edge Hub App Usage, Edge Wallet, Encryption Keys}
{"logTime": "0315/181404", "correlationVector":"ng0R+v8j3K5bHDnv3ZE2XH.1","action":"SyncServerConnectionManagerRequest", "result":"SYNC_SERVER_OK", "context":{"environment":"Prod_SoutheastAsia_000j", "migrationStage":"NotStarted", "server":"GENERAL0100000O"}}
{"logTime": "0315/181404", "correlationVector":"ng0R+v8j3K5bHDnv3ZE2XH.2","action":"GetUpdates", "result":"DeleteReceived", "context":{"id":"c15252b8-b115-4643-9ffe-2cb1fd633273", "isDeleted:":"true", "version":"1710523437786"}}
{"logTime": "0315/181404", "correlationVector":"ng0R+v8j3K5bHDnv3ZE2XH.3","action":"GetUpdates", "result":"DeleteReceived", "context":{"id":"066e4514-befd-467d-ac60-d1980b667dfe", "isDeleted:":"true", "version":"1710523472643"}}
{"logTime": "0315/181404", "correlationVector":"ng0R+v8j3K5bHDnv3ZE2XH.4","action":"GetUpdates", "result":"DeleteReceived", "context":{"id":"186491be-d825-4c21-a10d-171d129b38d8", "isDeleted:":"true", "version":"1710523524985"}}
{"logTime": "0315/181404", "correlationVector":"ng0R+v8j3K5bHDnv3ZE2XH.5","action":"GetUpdates", "result":"DeleteReceived", "context":{"id":"3b748e12-18e2-45a7-9963-25b30afd5fec", "isDeleted:":"true", "version":"1710524655822"}}
{"logTime": "0315/181404", "correlationVector":"ng0R+v8j3K5bHDnv3ZE2XH.6","action":"GetUpdates Response", "result":"SYNCER_OK", "context":Received 17 update(s). cV=ng0R+v8j3K5bHDnv3ZE2XH.0;server=GENERAL0100000O;cloudType=Consumer;environment=Prod_SoutheastAsia_000j;migrationStage=NotStarted}
{"logTime": "0315/181404", "correlationVector":"hpeDm11GdesZWQKHXMhcQC","action":"Commit Request", "result":"", "context":Item count: 3
Contributing types: Sessions}
{"logTime": "0315/181404", "correlationVector":"hpeDm11GdesZWQKHXMhcQC.1","action":"SyncServerConnectionManagerRequest", "result":"SYNC_SERVER_OK", "context":{"environment":"Prod_SoutheastAsia_000j", "migrationStage":"NotStarted", "server":"GENERAL0100000I"}}
{"logTime": "0315/181404", "correlationVector":"hpeDm11GdesZWQKHXMhcQC.3","action":"Commit.Sessions", "result":"Success", "context":{"id":"4c1eecf0-a82a-4f1e-9419-0374a7b16d22", "isDeleted":"true", "size":"0", "version":"1710523409130"}}
{"logTime": "0315/181404", "correlationVector":"hpeDm11GdesZWQKHXMhcQC.2","action":"Commit Response", "result":"SYNCER_OK", "context":Result: SYNCER_OK. cV=hpeDm11GdesZWQKHXMhcQC.0;server=GENERAL0100000I;cloudType=Consumer;environment=Prod_SoutheastAsia_000j;migrationStage=NotStarted}
{"logTime": "0315/181406", "correlationVector":"1CSTU/OvtScjCBhCM7CiT9","action":"SyncServerConnectionManagerRequest", "result":"SYNC_SERVER_OK", "context":{"environment":"", "migrationStage":"", "server":""}}
{"logTime": "0315/181406", "correlationVector":"/CU9m/dcI8va3soqHGnHCb","action":"Normal GetUpdate request", "result":"", "context":cV=/CU9m/dcI8va3soqHGnHCb
Nudged types: Preferences, Sessions}
{"logTime": "0315/181407", "correlationVector":"/CU9m/dcI8va3soqHGnHCb.1","action":"SyncServerConnectionManagerRequest", "result":"SYNC_SERVER_OK", "context":{"environment":"Prod_SoutheastAsia_000j", "migrationStage":"NotStarted", "server":"GENERAL0300001C"}}
{"logTime": "0315/181407", "correlationVector":"/CU9m/dcI8va3soqHGnHCb.2","action":"GetUpdates", "result":"DeleteReceived", "context":{"id":"4c1eecf0-a82a-4f1e-9419-0374a7b16d22", "isDeleted:":"true", "version":"1710526500028"}}
{"logTime": "0315/181407", "correlationVector":"/CU9m/dcI8va3soqHGnHCb.3","action":"GetUpdates Response", "result":"SYNCER_OK", "context":Received 3 update(s). cV=/CU9m/dcI8va3soqHGnHCb.0;server=GENERAL0300001C;cloudType=Consumer;environment=Prod_SoutheastAsia_000j;migrationStage=NotStarted}
{"logTime": "0315/181407", "correlationVector":"z49QgDgOaGLAKk3IQahapt","action":"Commit Request", "result":"", "context":Item count: 2
Contributing types: Preferences, Sessions}
{"logTime": "0315/181407", "correlationVector":"z49QgDgOaGLAKk3IQahapt.1","action":"SyncServerConnectionManagerRequest", "result":"SYNC_SERVER_OK", "context":{"environment":"Prod_SoutheastAsia_000j", "migrationStage":"NotStarted", "server":"GENERAL03000016"}}
{"logTime": "0315/181407", "correlationVector":"z49QgDgOaGLAKk3IQahapt.2","action":"Commit Response", "result":"SYNCER_OK", "context":Result: SYNCER_OK. cV=z49QgDgOaGLAKk3IQahapt.0;server=GENERAL03000016;cloudType=Consumer;environment=Prod_SoutheastAsia_000j;migrationStage=NotStarted}
{"logTime": "0315/181407", "correlationVector":"w7D34ehpyL4gJsFSsxNoG4","action":"Normal GetUpdate request", "result":"", "context":cV=w7D34ehpyL4gJsFSsxNoG4
Nudged types: Preferences, Sessions
Refresh requested types: Bookmarks, Preferences, Passwords, Autofill Profiles, Autofill, Typed URLs, Extensions, Sessions, Extension settings, History Delete Directives, Device Info, User Consents, Send Tab To Self, Web Apps, Collection, Edge E Drop, Edge Hub App Usage, Edge Wallet, Encryption Keys}
{"logTime": "0315/181407", "correlationVector":"w7D34ehpyL4gJsFSsxNoG4.1","action":"SyncServerConnectionManagerRequest", "result":"SYNC_SERVER_OK", "context":{"environment":"Prod_SoutheastAsia_000j", "migrationStage":"NotStarted", "server":"GENERAL0100000S"}}
{"logTime": "0315/181407", "correlationVector":"w7D34ehpyL4gJsFSsxNoG4.2","action":"GetUpdates Response", "result":"SYNCER_OK", "context":Received 2 update(s). cV=w7D34ehpyL4gJsFSsxNoG4.0;server=GENERAL0100000S;cloudType=Consumer;environment=Prod_SoutheastAsia_000j;migrationStage=NotStarted}
{"logTime": "0315/181414", "correlationVector":"q5PBcYseS+whs+EQR7aTYj","action":"Commit Request", "result":"", "context":Item count: 1
Contributing types: Preferences}
{"logTime": "0315/181415", "correlationVector":"q5PBcYseS+whs+EQR7aTYj.1","action":"SyncServerConnectionManagerRequest", "result":"SYNC_SERVER_OK", "context":{"environment":"Prod_SoutheastAsia_000j", "migrationStage":"NotStarted", "server":"GENERAL0100000K"}}
{"logTime": "0315/181415", "correlationVector":"q5PBcYseS+whs+EQR7aTYj.2","action":"Commit Response", "result":"SYNCER_OK", "context":Result: SYNCER_OK. cV=q5PBcYseS+whs+EQR7aTYj.0;server=GENERAL0100000K;cloudType=Consumer;environment=Prod_SoutheastAsia_000j;migrationStage=NotStarted}
{"logTime": "0315/181427", "correlationVector":"osn6Ilqce//UNfLBj6h4OU","action":"Commit Request", "result":"", "context":Item count: 1
Contributing types: Preferences}
{"logTime": "0315/181428", "correlationVector":"osn6Ilqce//UNfLBj6h4OU.1","action":"SyncServerConnectionManagerRequest", "result":"SYNC_SERVER_OK", "context":{"environment":"Prod_SoutheastAsia_000j", "migrationStage":"NotStarted", "server":"GENERAL0300000V"}}
{"logTime": "0315/181428", "correlationVector":"osn6Ilqce//UNfLBj6h4OU.2","action":"Commit Response", "result":"SYNCER_OK", "context":Result: SYNCER_OK. cV=osn6Ilqce//UNfLBj6h4OU.0;server=GENERAL0300000V;cloudType=Consumer;environment=Prod_SoutheastAsia_000j;migrationStage=NotStarted}
{"logTime": "0315/181647", "correlationVector":"k3qYdSsIsC5sIE9NJkTfuj","action":"Commit Request", "result":"", "context":Item count: 1
Contributing types: Sessions}
{"logTime": "0315/181648", "correlationVector":"k3qYdSsIsC5sIE9NJkTfuj.1","action":"SyncServerConnectionManagerRequest", "result":"SYNC_SERVER_OK", "context":{"environment":"Prod_SoutheastAsia_000j", "migrationStage":"NotStarted", "server":"GENERAL0300000V"}}
{"logTime": "0315/181648", "correlationVector":"k3qYdSsIsC5sIE9NJkTfuj.2","action":"Commit Response", "result":"SYNCER_OK", "context":Result: SYNCER_OK. cV=k3qYdSsIsC5sIE9NJkTfuj.0;server=GENERAL0300000V;cloudType=Consumer;environment=Prod_SoutheastAsia_000j;migrationStage=NotStarted}
{"logTime": "0315/181849", "correlationVector":"pPQuxeQL/umMANETO4D4gV","action":"Commit Request", "result":"", "context":Item count: 1
Contributing types: Sessions}
{"logTime": "0315/181850", "correlationVector":"pPQuxeQL/umMANETO4D4gV.1","action":"SyncServerConnectionManagerRequest", "result":"SYNC_SERVER_OK", "context":{"environment":"Prod_SoutheastAsia_000j", "migrationStage":"NotStarted", "server":"GENERAL03000022"}}
{"logTime": "0315/181850", "correlationVector":"pPQuxeQL/umMANETO4D4gV.2","action":"Commit Response", "result":"SYNCER_OK", "context":Result: SYNCER_OK. cV=pPQuxeQL/umMANETO4D4gV.0;server=GENERAL03000022;cloudType=Consumer;environment=Prod_SoutheastAsia_000j;migrationStage=NotStarted}
{"logTime": "0315/181856", "correlationVector":"aMDvEeYPPtJ54czczjTxVe","action":"Normal GetUpdate request", "result":"", "context":cV=aMDvEeYPPtJ54czczjTxVe
Refresh requested types: Bookmarks, Preferences, Passwords, Autofill Profiles, Autofill, Typed URLs, Extensions, Sessions, Extension settings, History Delete Directives, Device Info, User Consents, Send Tab To Self, Web Apps, Collection, Edge E Drop, Edge Hub App Usage, Edge Wallet, Encryption Keys}
{"logTime": "0315/181856", "correlationVector":"aMDvEeYPPtJ54czczjTxVe.1","action":"SyncServerConnectionManagerRequest", "result":"SYNC_SERVER_OK", "context":{"environment":"Prod_SoutheastAsia_000j", "migrationStage":"NotStarted", "server":"GENERAL0300000K"}}
{"logTime": "0315/181856", "correlationVector":"aMDvEeYPPtJ54czczjTxVe.2","action":"GetUpdates Response", "result":"SYNCER_OK", "context":Received 3 update(s). cV=aMDvEeYPPtJ54czczjTxVe.0;server=GENERAL0300000K;cloudType=Consumer;environment=Prod_SoutheastAsia_000j;migrationStage=NotStarted}
{"logTime": "0315/182009", "correlationVector":"wPPr9dwDk8Yh42m+rzrs/8","action":"Commit Request", "result":"", "context":Item count: 1
Contributing types: Sessions}
{"logTime": "0315/182010", "correlationVector":"wPPr9dwDk8Yh42m+rzrs/8.1","action":"SyncServerConnectionManagerRequest", "result":"SYNC_SERVER_OK", "context":{"environment":"Prod_SoutheastAsia_000j", "migrationStage":"NotStarted", "server":"general0300000X"}}
{"logTime": "0315/182010", "correlationVector":"wPPr9dwDk8Yh42m+rzrs/8.2","action":"Commit Response", "result":"SYNCER_OK", "context":Result: SYNCER_OK. cV=wPPr9dwDk8Yh42m+rzrs/8.0;server=general0300000X;cloudType=Consumer;environment=Prod_SoutheastAsia_000j;migrationStage=NotStarted}
{"logTime": "0315/182123", "correlationVector":"0As9i10YE/GUa1A6160RZV","action":"Commit Request", "result":"", "context":Item count: 1
Contributing types: Sessions}
{"logTime": "0315/182123", "correlationVector":"0As9i10YE/GUa1A6160RZV.1","action":"SyncServerConnectionManagerRequest", "result":"SYNC_SERVER_OK", "context":{"environment":"Prod_SoutheastAsia_000j", "migrationStage":"NotStarted", "server":"GENERAL01000008"}}
{"logTime": "0315/182123", "correlationVector":"0As9i10YE/GUa1A6160RZV.2","action":"Commit Response", "result":"SYNCER_OK", "context":Result: SYNCER_OK. cV=0As9i10YE/GUa1A6160RZV.0;server=GENERAL01000008;cloudType=Consumer;environment=Prod_SoutheastAsia_000j;migrationStage=NotStarted}
{"logTime": "0315/182739", "correlationVector":"owVMz4oNajY5V6uzDew5SW","action":"Commit Request", "result":"", "context":Item count: 1
Contributing types: Sessions}
{"logTime": "0315/182739", "correlationVector":"owVMz4oNajY5V6uzDew5SW.1","action":"SyncServerConnectionManagerRequest", "result":"SYNC_SERVER_OK", "context":{"environment":"Prod_SoutheastAsia_000j", "migrationStage":"NotStarted", "server":"GENERAL0100000A"}}
{"logTime": "0315/182739", "correlationVector":"owVMz4oNajY5V6uzDew5SW.2","action":"Commit Response", "result":"SYNCER_OK", "context":Result: SYNCER_OK. cV=owVMz4oNajY5V6uzDew5SW.0;server=GENERAL0100000A;cloudType=Consumer;environment=Prod_SoutheastAsia_000j;migrationStage=NotStarted}
{"logTime": "0315/183048", "correlationVector":"4/dBTQZK1eRgWRvxG97Eta","action":"Commit Request", "result":"", "context":Item count: 1
Contributing types: Sessions}
{"logTime": "0315/183049", "correlationVector":"4/dBTQZK1eRgWRvxG97Eta.1","action":"SyncServerConnectionManagerRequest", "result":"SYNC_SERVER_OK", "context":{"environment":"Prod_SoutheastAsia_000j", "migrationStage":"NotStarted", "server":"GENERAL0100000H"}}
{"logTime": "0315/183049", "correlationVector":"4/dBTQZK1eRgWRvxG97Eta.2","action":"Commit Response", "result":"SYNCER_OK", "context":Result: SYNCER_OK. cV=4/dBTQZK1eRgWRvxG97Eta.0;server=GENERAL0100000H;cloudType=Consumer;environment=Prod_SoutheastAsia_000j;migrationStage=NotStarted}
{"logTime": "0315/183643", "correlationVector":"CrfylSwvcIN7NWXhrEwxsj","action":"Commit Request", "result":"", "context":Item count: 1
Contributing types: Sessions}
{"logTime": "0315/183644", "correlationVector":"CrfylSwvcIN7NWXhrEwxsj.1","action":"SyncServerConnectionManagerRequest", "result":"SYNC_SERVER_OK", "context":{"environment":"Prod_SoutheastAsia_000j", "migrationStage":"NotStarted", "server":"GENERAL0100000H"}}
{"logTime": "0315/183644", "correlationVector":"CrfylSwvcIN7NWXhrEwxsj.2","action":"Commit Response", "result":"SYNCER_OK", "context":Result: SYNCER_OK. cV=CrfylSwvcIN7NWXhrEwxsj.0;server=GENERAL0100000H;cloudType=Consumer;environment=Prod_SoutheastAsia_000j;migrationStage=NotStarted}
{"logTime": "0315/183741", "correlationVector":"Z2ut+ZVnokbP/6yOZ2kJwx","action":"Commit Request", "result":"", "context":Item count: 1
Contributing types: Sessions}
{"logTime": "0315/183741", "correlationVector":"Z2ut+ZVnokbP/6yOZ2kJwx.1","action":"SyncServerConnectionManagerRequest", "result":"SYNC_SERVER_OK", "context":{"environment":"Prod_SoutheastAsia_000j", "migrationStage":"NotStarted", "server":"GENERAL03000024"}}
{"logTime": "0315/183741", "correlationVector":"Z2ut+ZVnokbP/6yOZ2kJwx.2","action":"Commit Response", "result":"SYNCER_OK", "context":Result: SYNCER_OK. cV=Z2ut+ZVnokbP/6yOZ2kJwx.0;server=GENERAL03000024;cloudType=Consumer;environment=Prod_SoutheastAsia_000j;migrationStage=NotStarted}
{"logTime": "0315/183816", "correlationVector":"IYwwA6VqUQkP7hdtpF6fF6","action":"Commit Request", "result":"", "context":Item count: 1
Contributing types: Sessions}
{"logTime": "0315/183817", "correlationVector":"IYwwA6VqUQkP7hdtpF6fF6.1","action":"SyncServerConnectionManagerRequest", "result":"SYNC_SERVER_OK", "context":{"environment":"Prod_SoutheastAsia_000j", "migrationStage":"NotStarted", "server":"GENERAL0300001K"}}
{"logTime": "0315/183817", "correlationVector":"IYwwA6VqUQkP7hdtpF6fF6.2","action":"Commit Response", "result":"SYNCER_OK", "context":Result: SYNCER_OK. cV=IYwwA6VqUQkP7hdtpF6fF6.0;server=GENERAL0300001K;cloudType=Consumer;environment=Prod_SoutheastAsia_000j;migrationStage=NotStarted}
{"logTime": "0315/184557", "correlationVector":"vefVvr5opifvYKl6lntLP+","action":"Commit Request", "result":"", "context":Item count: 1
Contributing types: Preferences}
{"logTime": "0315/184558", "correlationVector":"vefVvr5opifvYKl6lntLP+.1","action":"SyncServerConnectionManagerRequest", "result":"SYNC_SERVER_OK", "context":{"environment":"Prod_SoutheastAsia_000j", "migrationStage":"NotStarted", "server":"GENERAL0100000V"}}
{"logTime": "0315/184558", "correlationVector":"vefVvr5opifvYKl6lntLP+.2","action":"Commit Response", "result":"SYNCER_OK", "context":Result: SYNCER_OK. cV=vefVvr5opifvYKl6lntLP+.0;server=GENERAL0100000V;cloudType=Consumer;environment=Prod_SoutheastAsia_000j;migrationStage=NotStarted}
{"logTime": "0315/184638", "correlationVector":"O5yuTY/1DcXowYyQjP7ede","action":"Commit Request", "result":"", "context":Item count: 2
Contributing types: Preferences, Sessions}
{"logTime": "0315/184639", "correlationVector":"O5yuTY/1DcXowYyQjP7ede.1","action":"SyncServerConnectionManagerRequest", "result":"SYNC_SERVER_OK", "context":{"environment":"Prod_SoutheastAsia_000j", "migrationStage":"NotStarted", "server":"GENERAL01000005"}}
{"logTime": "0315/184639", "correlationVector":"O5yuTY/1DcXowYyQjP7ede.2","action":"Commit Response", "result":"SYNCER_OK", "context":Result: SYNCER_OK. cV=O5yuTY/1DcXowYyQjP7ede.0;server=GENERAL01000005;cloudType=Consumer;environment=Prod_SoutheastAsia_000j;migrationStage=NotStarted}
{"logTime": "0315/184712", "correlationVector":"ZD9Rg8/yEwzQaoqJWc2tMm","action":"Commit Request", "result":"", "context":Item count: 1
Contributing types: Sessions}
{"logTime": "0315/184712", "correlationVector":"ZD9Rg8/yEwzQaoqJWc2tMm.1","action":"SyncServerConnectionManagerRequest", "result":"SYNC_SERVER_OK", "context":{"environment":"Prod_SoutheastAsia_000j", "migrationStage":"NotStarted", "server":"GENERAL0100000H"}}
{"logTime": "0315/184712", "correlationVector":"ZD9Rg8/yEwzQaoqJWc2tMm.2","action":"Commit Response", "result":"SYNCER_OK", "context":Result: SYNCER_OK. cV=ZD9Rg8/yEwzQaoqJWc2tMm.0;server=GENERAL0100000H;cloudType=Consumer;environment=Prod_SoutheastAsia_000j;migrationStage=NotStarted}
{"logTime": "0315/184843", "correlationVector":"CHccjZRFcStglkaiqFi4Hs","action":"Commit Request", "result":"", "context":Item count: 1
Contributing types: Sessions}
{"logTime": "0315/184843", "correlationVector":"CHccjZRFcStglkaiqFi4Hs.1","action":"SyncServerConnectionManagerRequest", "result":"SYNC_SERVER_OK", "context":{"environment":"Prod_SoutheastAsia_000j", "migrationStage":"NotStarted", "server":"GENERAL0300001D"}}
{"logTime": "0315/184843", "correlationVector":"CHccjZRFcStglkaiqFi4Hs.2","action":"Commit Response", "result":"SYNCER_OK", "context":Result: SYNCER_OK. cV=CHccjZRFcStglkaiqFi4Hs.0;server=GENERAL0300001D;cloudType=Consumer;environment=Prod_SoutheastAsia_000j;migrationStage=NotStarted}
{"logTime": "0315/184949", "correlationVector":"O2U6BZ841vC2COkb2xg4xq","action":"Commit Request", "result":"", "context":Item count: 1
Contributing types: Sessions}
{"logTime": "0315/184952", "correlationVector":"O2U6BZ841vC2COkb2xg4xq.1","action":"SyncServerConnectionManagerRequest", "result":"SYNC_SERVER_OK", "context":{"environment":"Prod_SoutheastAsia_000j", "migrationStage":"NotStarted", "server":"GENERAL0300001T"}}
{"logTime": "0315/184952", "correlationVector":"O2U6BZ841vC2COkb2xg4xq.2","action":"Commit Response", "result":"SYNCER_OK", "context":Result: SYNCER_OK. cV=O2U6BZ841vC2COkb2xg4xq.0;server=GENERAL0300001T;cloudType=Consumer;environment=Prod_SoutheastAsia_000j;migrationStage=NotStarted}
{"logTime": "0315/185251", "correlationVector":"C/sAgU8NPhnnaMx4+Qzxhc","action":"Commit Request", "result":"", "context":Item count: 1
Contributing types: Sessions}
{"logTime": "0315/185252", "correlationVector":"C/sAgU8NPhnnaMx4+Qzxhc.1","action":"SyncServerConnectionManagerRequest", "result":"SYNC_SERVER_OK", "context":{"environment":"Prod_SoutheastAsia_000j", "migrationStage":"NotStarted", "server":"GENERAL0300001Z"}}
{"logTime": "0315/185252", "correlationVector":"C/sAgU8NPhnnaMx4+Qzxhc.2","action":"Commit Response", "result":"SYNCER_OK", "context":Result: SYNCER_OK. cV=C/sAgU8NPhnnaMx4+Qzxhc.0;server=GENERAL0300001Z;cloudType=Consumer;environment=Prod_SoutheastAsia_000j;migrationStage=NotStarted}
{"logTime": "0315/185329", "correlationVector":"gLwblSFNxVF/ylFvwyNerB","action":"Commit Request", "result":"", "context":Item count: 1
Contributing types: Sessions}
{"logTime": "0315/185329", "correlationVector":"gLwblSFNxVF/ylFvwyNerB.1","action":"SyncServerConnectionManagerRequest", "result":"SYNC_SERVER_OK", "context":{"environment":"Prod_SoutheastAsia_000j", "migrationStage":"NotStarted", "server":"GENERAL0300001C"}}
{"logTime": "0315/185329", "correlationVector":"gLwblSFNxVF/ylFvwyNerB.2","action":"Commit Response", "result":"SYNCER_OK", "context":Result: SYNCER_OK. cV=gLwblSFNxVF/ylFvwyNerB.0;server=GENERAL0300001C;cloudType=Consumer;environment=Prod_SoutheastAsia_000j;migrationStage=NotStarted}
{"logTime": "0315/185606", "correlationVector":"7arIFBCN8rQG1D7A4P22Nw","action":"Commit Request", "result":"", "context":Item count: 1
Contributing types: Sessions}
{"logTime": "0315/185607", "correlationVector":"7arIFBCN8rQG1D7A4P22Nw.1","action":"SyncServerConnectionManagerRequest", "result":"SYNC_SERVER_OK", "context":{"environment":"Prod_SoutheastAsia_000j", "migrationStage":"NotStarted", "server":"general03000013"}}
{"logTime": "0315/185607", "correlationVector":"7arIFBCN8rQG1D7A4P22Nw.2","action":"Commit Response", "result":"SYNCER_OK", "context":Result: SYNCER_OK. cV=7arIFBCN8rQG1D7A4P22Nw.0;server=general03000013;cloudType=Consumer;environment=Prod_SoutheastAsia_000j;migrationStage=NotStarted}
{"logTime": "0315/185721", "correlationVector":"Pcqh60NZXSb4B67pt7ntxM","action":"Commit Request", "result":"", "context":Item count: 1
Contributing types: Sessions}
{"logTime": "0315/185721", "correlationVector":"Pcqh60NZXSb4B67pt7ntxM.1","action":"SyncServerConnectionManagerRequest", "result":"SYNC_SERVER_OK", "context":{"environment":"Prod_SoutheastAsia_000j", "migrationStage":"NotStarted", "server":"GENERAL0300001T"}}
{"logTime": "0315/185721", "correlationVector":"Pcqh60NZXSb4B67pt7ntxM.2","action":"Commit Response", "result":"SYNCER_OK", "context":Result: SYNCER_OK. cV=Pcqh60NZXSb4B67pt7ntxM.0;server=GENERAL0300001T;cloudType=Consumer;environment=Prod_SoutheastAsia_000j;migrationStage=NotStarted}
{"logTime": "0315/185757", "correlationVector":"m3TIJ82wjO1i64XqYG6v2K","action":"Commit Request", "result":"", "context":Item count: 1
Contributing types: Sessions}
{"logTime": "0315/185757", "correlationVector":"m3TIJ82wjO1i64XqYG6v2K.1","action":"SyncServerConnectionManagerRequest", "result":"SYNC_SERVER_OK", "context":{"environment":"Prod_SoutheastAsia_000j", "migrationStage":"NotStarted", "server":"general0300001S"}}
{"logTime": "0315/185757", "correlationVector":"m3TIJ82wjO1i64XqYG6v2K.2","action":"Commit Response", "result":"SYNCER_OK", "context":Result: SYNCER_OK. cV=m3TIJ82wjO1i64XqYG6v2K.0;server=general0300001S;cloudType=Consumer;environment=Prod_SoutheastAsia_000j;migrationStage=NotStarted}
{"logTime": "0315/190228", "correlationVector":"iOnmfInTfRD1HtMdVsu0L1","action":"Commit Request", "result":"", "context":Item count: 1
Contributing types: Sessions}
{"logTime": "0315/190229", "correlationVector":"iOnmfInTfRD1HtMdVsu0L1.1","action":"SyncServerConnectionManagerRequest", "result":"SYNC_SERVER_OK", "context":{"environment":"Prod_SoutheastAsia_000j", "migrationStage":"NotStarted", "server":"GENERAL0300001D"}}
{"logTime": "0315/190229", "correlationVector":"iOnmfInTfRD1HtMdVsu0L1.2","action":"Commit Response", "result":"SYNCER_OK", "context":Result: SYNCER_OK. cV=iOnmfInTfRD1HtMdVsu0L1.0;server=GENERAL0300001D;cloudType=Consumer;environment=Prod_SoutheastAsia_000j;migrationStage=NotStarted}
{"logTime": "0315/190314", "correlationVector":"OlyDVevX02mH93NLh8u7P7","action":"Commit Request", "result":"", "context":Item count: 1
Contributing types: Preferences}
{"logTime": "0315/190315", "correlationVector":"OlyDVevX02mH93NLh8u7P7.1","action":"SyncServerConnectionManagerRequest", "result":"SYNC_SERVER_OK", "context":{"environment":"Prod_SoutheastAsia_000j", "migrationStage":"NotStarted", "server":"GENERAL0300000V"}}
{"logTime": "0315/190315", "correlationVector":"OlyDVevX02mH93NLh8u7P7.2","action":"Commit Response", "result":"SYNCER_OK", "context":Result: SYNCER_OK. cV=OlyDVevX02mH93NLh8u7P7.0;server=GENERAL0300000V;cloudType=Consumer;environment=Prod_SoutheastAsia_000j;migrationStage=NotStarted}
{"logTime": "0315/190315", "correlationVector":"OlyDVevX02mH93NLh8u7P7.3","action":"Commit.Preferences", "result":"Conflict", "context":{"id":"a8d3a199-dcf3-46d4-b504-32914fb1184f", "isDeleted":"false", "size":"583", "version":"1710528461096"}}
{"logTime": "0315/190316", "correlationVector":"8nB2v3R6nJYlAUbYuNDz7o","action":"Normal GetUpdate request", "result":"", "context":cV=8nB2v3R6nJYlAUbYuNDz7o
Nudged types: Preferences}
{"logTime": "0315/190317", "correlationVector":"8nB2v3R6nJYlAUbYuNDz7o.1","action":"SyncServerConnectionManagerRequest", "result":"SYNC_SERVER_OK", "context":{"environment":"Prod_SoutheastAsia_000j", "migrationStage":"NotStarted", "server":"general01000013"}}
{"logTime": "0315/190317", "correlationVector":"8nB2v3R6nJYlAUbYuNDz7o.2","action":"GetUpdates", "result":"DeleteReceived", "context":{"id":"c9e00890-401f-4e39-947f-27a163a25a93", "isDeleted:":"true", "version":"1710527780276"}}
{"logTime": "0315/190317", "correlationVector":"8nB2v3R6nJYlAUbYuNDz7o.3","action":"GetUpdates", "result":"DeleteReceived", "context":{"id":"d5614511-38f3-4e63-b38c-7c9f6a359f07", "isDeleted:":"true", "version":"1710527780277"}}
{"logTime": "0315/190317", "correlationVector":"8nB2v3R6nJYlAUbYuNDz7o.4","action":"GetUpdates", "result":"DeleteReceived", "context":{"id":"3cdf5aa1-56d4-4d10-af9d-f7756ddacfec", "isDeleted:":"true", "version":"1710527780278"}}
{"logTime": "0315/190317", "correlationVector":"8nB2v3R6nJYlAUbYuNDz7o.5","action":"GetUpdates", "result":"DeleteReceived", "context":{"id":"1db15481-5487-4d3a-ab49-aeb3e13ea82f", "isDeleted:":"true", "version":"1710527780279"}}
{"logTime": "0315/190317", "correlationVector":"8nB2v3R6nJYlAUbYuNDz7o.6","action":"GetUpdates", "result":"DeleteReceived", "context":{"id":"068dd8ad-ff94-4a8b-afe8-ff008ec8cafe", "isDeleted:":"true", "version":"1710527780281"}}
{"logTime": "0315/190317", "correlationVector":"8nB2v3R6nJYlAUbYuNDz7o.7","action":"GetUpdates", "result":"DeleteReceived", "context":{"id":"5bdd9859-8abf-42de-8b6e-d6fdd3eda7b3", "isDeleted:":"true", "version":"1710527780282"}}
{"logTime": "0315/190317", "correlationVector":"8nB2v3R6nJYlAUbYuNDz7o.8","action":"GetUpdates", "result":"DeleteReceived", "context":{"id":"00c4a94a-4e30-4252-9bab-1ec8ca2a459c", "isDeleted:":"true", "version":"1710527780283"}}
{"logTime": "0315/190317", "correlationVector":"8nB2v3R6nJYlAUbYuNDz7o.9","action":"GetUpdates", "result":"DeleteReceived", "context":{"id":"9bc91db4-2698-46ee-8a65-4567348a5548", "isDeleted:":"true", "version":"1710527780285"}}
{"logTime": "0315/190317", "correlationVector":"8nB2v3R6nJYlAUbYuNDz7o.10","action":"GetUpdates", "result":"DeleteReceived", "context":{"id":"9cbcaabd-ca5f-40b9-995d-89e8e5b740a5", "isDeleted:":"true", "version":"1710527780286"}}
{"logTime": "0315/190317", "correlationVector":"8nB2v3R6nJYlAUbYuNDz7o.11","action":"GetUpdates", "result":"DeleteReceived", "context":{"id":"233c647b-cf8d-4d60-967d-6ebcfaac29ff", "isDeleted:":"true", "version":"1710527780287"}}
{"logTime": "0315/190317", "correlationVector":"8nB2v3R6nJYlAUbYuNDz7o.12","action":"GetUpdates", "result":"DeleteReceived", "context":{"id":"684af716-2f80-4219-b753-ca55340eeb30", "isDeleted:":"true", "version":"1710527780288"}}
{"logTime": "0315/190317", "correlationVector":"8nB2v3R6nJYlAUbYuNDz7o.13","action":"GetUpdates", "result":"DeleteReceived", "context":{"id":"bd38e4c6-0489-4581-a273-3cb5c7b1c7be", "isDeleted:":"true", "version":"1710527973796"}}
{"logTime": "0315/190317", "correlationVector":"8nB2v3R6nJYlAUbYuNDz7o.14","action":"GetUpdates", "result":"DeleteReceived", "context":{"id":"958c0201-3fb4-403b-b8af-b069a5d1d568", "isDeleted:":"true", "version":"1710528462031"}}
{"logTime": "0315/190317", "correlationVector":"8nB2v3R6nJYlAUbYuNDz7o.15","action":"GetUpdates", "result":"DeleteReceived", "context":{"id":"e67c32fa-024d-4bc8-95d8-69dd5b5e4c80", "isDeleted:":"true", "version":"1710528773454"}}
{"logTime": "0315/190317", "correlationVector":"8nB2v3R6nJYlAUbYuNDz7o.16","action":"GetUpdates Response", "result":"SYNCER_OK", "context":Received 25 update(s). cV=8nB2v3R6nJYlAUbYuNDz7o.0;server=general01000013;cloudType=Consumer;environment=Prod_SoutheastAsia_000j;migrationStage=NotStarted}
{"logTime": "0315/190406", "correlationVector":"r+gtc89Qju3c4+JW+BLeEK","action":"Commit Request", "result":"", "context":Item count: 1
Contributing types: Sessions}
{"logTime": "0315/190406", "correlationVector":"r+gtc89Qju3c4+JW+BLeEK.1","action":"SyncServerConnectionManagerRequest", "result":"SYNC_SERVER_OK", "context":{"environment":"Prod_SoutheastAsia_000j", "migrationStage":"NotStarted", "server":"GENERAL03000016"}}
{"logTime": "0315/190406", "correlationVector":"r+gtc89Qju3c4+JW+BLeEK.2","action":"Commit Response", "result":"SYNCER_OK", "context":Result: SYNCER_OK. cV=r+gtc89Qju3c4+JW+BLeEK.0;server=GENERAL03000016;cloudType=Consumer;environment=Prod_SoutheastAsia_000j;migrationStage=NotStarted}
{"logTime": "0315/190527", "correlationVector":"km/TAVQsj9B7eUCsBHLvv8","action":"Commit Request", "result":"", "context":Item count: 1
Contributing types: Sessions}
{"logTime": "0315/190528", "correlationVector":"km/TAVQsj9B7eUCsBHLvv8.1","action":"SyncServerConnectionManagerRequest", "result":"SYNC_SERVER_OK", "context":{"environment":"Prod_SoutheastAsia_000j", "migrationStage":"NotStarted", "server":"GENERAL0300001O"}}
{"logTime": "0315/190528", "correlationVector":"km/TAVQsj9B7eUCsBHLvv8.2","action":"Commit Response", "result":"SYNCER_OK", "context":Result: SYNCER_OK. cV=km/TAVQsj9B7eUCsBHLvv8.0;server=GENERAL0300001O;cloudType=Consumer;environment=Prod_SoutheastAsia_000j;migrationStage=NotStarted}
{"logTime": "0315/190707", "correlationVector":"F3hqMJiN08NV6mW9yJGjsN","action":"Commit Request", "result":"", "context":Item count: 1
Contributing types: Sessions}
{"logTime": "0315/190708", "correlationVector":"F3hqMJiN08NV6mW9yJGjsN.1","action":"SyncServerConnectionManagerRequest", "result":"SYNC_SERVER_OK", "context":{"environment":"Prod_SoutheastAsia_000j", "migrationStage":"NotStarted", "server":"general0300000X"}}
{"logTime": "0315/190708", "correlationVector":"F3hqMJiN08NV6mW9yJGjsN.2","action":"Commit Response", "result":"SYNCER_OK", "context":Result: SYNCER_OK. cV=F3hqMJiN08NV6mW9yJGjsN.0;server=general0300000X;cloudType=Consumer;environment=Prod_SoutheastAsia_000j;migrationStage=NotStarted}
{"logTime": "0315/190934", "correlationVector":"qLKVps23Qd9aEaiTz8PNBi","action":"Commit Request", "result":"", "context":Item count: 1
Contributing types: Sessions}
{"logTime": "0315/190935", "correlationVector":"qLKVps23Qd9aEaiTz8PNBi.1","action":"SyncServerConnectionManagerRequest", "result":"SYNC_SERVER_OK", "context":{"environment":"Prod_SoutheastAsia_000j", "migrationStage":"NotStarted", "server":"GENERAL01000016"}}
{"logTime": "0315/190935", "correlationVector":"qLKVps23Qd9aEaiTz8PNBi.2","action":"Commit Response", "result":"SYNCER_OK", "context":Result: SYNCER_OK. cV=qLKVps23Qd9aEaiTz8PNBi.0;server=GENERAL01000016;cloudType=Consumer;environment=Prod_SoutheastAsia_000j;migrationStage=NotStarted}
{"logTime": "0315/191027", "correlationVector":"k8O8GA161a1xU2aZb8ikaf","action":"Commit Request", "result":"", "context":Item count: 1
Contributing types: Sessions}
{"logTime": "0315/191027", "correlationVector":"k8O8GA161a1xU2aZb8ikaf.1","action":"SyncServerConnectionManagerRequest", "result":"SYNC_SERVER_OK", "context":{"environment":"Prod_SoutheastAsia_000j", "migrationStage":"NotStarted", "server":"GENERAL01000017"}}
{"logTime": "0315/191027", "correlationVector":"k8O8GA161a1xU2aZb8ikaf.2","action":"Commit Response", "result":"SYNCER_OK", "context":Result: SYNCER_OK. cV=k8O8GA161a1xU2aZb8ikaf.0;server=GENERAL01000017;cloudType=Consumer;environment=Prod_SoutheastAsia_000j;migrationStage=NotStarted}
{"logTime": "0315/191222", "correlationVector":"if2AhcVhk/BmgTjx3rKE1z","action":"Commit Request", "result":"", "context":Item count: 1
Contributing types: Sessions}
{"logTime": "0315/191222", "correlationVector":"if2AhcVhk/BmgTjx3rKE1z.1","action":"SyncServerConnectionManagerRequest", "result":"SYNC_SERVER_OK", "context":{"environment":"Prod_SoutheastAsia_000j", "migrationStage":"NotStarted", "server":"GENERAL0300000R"}}
{"logTime": "0315/191222", "correlationVector":"if2AhcVhk/BmgTjx3rKE1z.2","action":"Commit Response", "result":"SYNCER_OK", "context":Result: SYNCER_OK. cV=if2AhcVhk/BmgTjx3rKE1z.0;server=GENERAL0300000R;cloudType=Consumer;environment=Prod_SoutheastAsia_000j;migrationStage=NotStarted}
{"logTime": "0315/191418", "correlationVector":"XUjbbvZq25gg6Gbc9bz5KC","action":"Commit Request", "result":"", "context":Item count: 1
Contributing types: Sessions}
{"logTime": "0315/191418", "correlationVector":"XUjbbvZq25gg6Gbc9bz5KC.1","action":"SyncServerConnectionManagerRequest", "result":"SYNC_SERVER_OK", "context":{"environment":"Prod_SoutheastAsia_000j", "migrationStage":"NotStarted", "server":"GENERAL0300001B"}}
{"logTime": "0315/191418", "correlationVector":"XUjbbvZq25gg6Gbc9bz5KC.2","action":"Commit Response", "result":"SYNCER_OK", "context":Result: SYNCER_OK. cV=XUjbbvZq25gg6Gbc9bz5KC.0;server=GENERAL0300001B;cloudType=Consumer;environment=Prod_SoutheastAsia_000j;migrationStage=NotStarted}
{"logTime": "0315/191450", "correlationVector":"4qprBkQ1rYeYCfL6yMlUUr","action":"Commit Request", "result":"", "context":Item count: 1
Contributing types: Sessions}
{"logTime": "0315/191450", "correlationVector":"4qprBkQ1rYeYCfL6yMlUUr.1","action":"SyncServerConnectionManagerRequest", "result":"SYNC_SERVER_OK", "context":{"environment":"Prod_SoutheastAsia_000j", "migrationStage":"NotStarted", "server":"GENERAL01000009"}}
{"logTime": "0315/191450", "correlationVector":"4qprBkQ1rYeYCfL6yMlUUr.2","action":"Commit Response", "result":"SYNCER_OK", "context":Result: SYNCER_OK. cV=4qprBkQ1rYeYCfL6yMlUUr.0;server=GENERAL01000009;cloudType=Consumer;environment=Prod_SoutheastAsia_000j;migrationStage=NotStarted}
{"logTime": "0315/191514", "correlationVector":"fwA7eaDkz3doplZVliBe9S","action":"Commit Request", "result":"", "context":Item count: 2
Contributing types: Preferences, Sessions}
{"logTime": "0315/191515", "correlationVector":"fwA7eaDkz3doplZVliBe9S.1","action":"SyncServerConnectionManagerRequest", "result":"SYNC_SERVER_OK", "context":{"environment":"Prod_SoutheastAsia_000j", "migrationStage":"NotStarted", "server":"GENERAL0300001R"}}
{"logTime": "0315/191515", "correlationVector":"fwA7eaDkz3doplZVliBe9S.2","action":"Commit Response", "result":"SYNCER_OK", "context":Result: SYNCER_OK. cV=fwA7eaDkz3doplZVliBe9S.0;server=GENERAL0300001R;cloudType=Consumer;environment=Prod_SoutheastAsia_000j;migrationStage=NotStarted}
{"logTime": "0315/191605", "correlationVector":"Hd1CzxAULAk/5zt9/wZSqA","action":"Commit Request", "result":"", "context":Item count: 1
Contributing types: Sessions}
{"logTime": "0315/191605", "correlationVector":"Hd1CzxAULAk/5zt9/wZSqA.1","action":"SyncServerConnectionManagerRequest", "result":"SYNC_SERVER_OK", "context":{"environment":"Prod_SoutheastAsia_000j", "migrationStage":"NotStarted", "server":"GENERAL03000007"}}
{"logTime": "0315/191605", "correlationVector":"Hd1CzxAULAk/5zt9/wZSqA.2","action":"Commit Response", "result":"SYNCER_OK", "context":Result: SYNCER_OK. cV=Hd1CzxAULAk/5zt9/wZSqA.0;server=GENERAL03000007;cloudType=Consumer;environment=Prod_SoutheastAsia_000j;migrationStage=NotStarted}
{"logTime": "0315/191751", "correlationVector":"fqZ6akSkTTTwbnAjYF6Eao","action":"Commit Request", "result":"", "context":Item count: 1
Contributing types: Sessions}
{"logTime": "0315/191751", "correlationVector":"fqZ6akSkTTTwbnAjYF6Eao.1","action":"SyncServerConnectionManagerRequest", "result":"SYNC_SERVER_OK", "context":{"environment":"Prod_SoutheastAsia_000j", "migrationStage":"NotStarted", "server":"GENERAL0100000U"}}
{"logTime": "0315/191752", "correlationVector":"fqZ6akSkTTTwbnAjYF6Eao.2","action":"Commit Response", "result":"SYNCER_OK", "context":Result: SYNCER_OK. cV=fqZ6akSkTTTwbnAjYF6Eao.0;server=GENERAL0100000U;cloudType=Consumer;environment=Prod_SoutheastAsia_000j;migrationStage=NotStarted}
{"logTime": "0315/191824", "correlationVector":"OS2BlG7rMj2IBOikZMYu9V","action":"Commit Request", "result":"", "context":Item count: 1
Contributing types: Sessions}
{"logTime": "0315/191824", "correlationVector":"OS2BlG7rMj2IBOikZMYu9V.1","action":"SyncServerConnectionManagerRequest", "result":"SYNC_SERVER_OK", "context":{"environment":"Prod_SoutheastAsia_000j", "migrationStage":"NotStarted", "server":"general03000013"}}
{"logTime": "0315/191824", "correlationVector":"OS2BlG7rMj2IBOikZMYu9V.2","action":"Commit Response", "result":"SYNCER_OK", "context":Result: SYNCER_OK. cV=OS2BlG7rMj2IBOikZMYu9V.0;server=general03000013;cloudType=Consumer;environment=Prod_SoutheastAsia_000j;migrationStage=NotStarted}
{"logTime": "0315/191940", "correlationVector":"fiivBflbRIsEpZcpvn5Uab","action":"Commit Request", "result":"", "context":Item count: 1
Contributing types: Sessions}
{"logTime": "0315/191940", "correlationVector":"fiivBflbRIsEpZcpvn5Uab.1","action":"SyncServerConnectionManagerRequest", "result":"SYNC_SERVER_OK", "context":{"environment":"Prod_SoutheastAsia_000j", "migrationStage":"NotStarted", "server":"GENERAL0300001N"}}
{"logTime": "0315/191940", "correlationVector":"fiivBflbRIsEpZcpvn5Uab.2","action":"Commit Response", "result":"SYNCER_OK", "context":Result: SYNCER_OK. cV=fiivBflbRIsEpZcpvn5Uab.0;server=GENERAL0300001N;cloudType=Consumer;environment=Prod_SoutheastAsia_000j;migrationStage=NotStarted}
{"logTime": "0315/192014", "correlationVector":"zg6LWpceY6mkDbIfRfIifl","action":"Commit Request", "result":"", "context":Item count: 1
Contributing types: Sessions}
{"logTime": "0315/192015", "correlationVector":"zg6LWpceY6mkDbIfRfIifl.1","action":"SyncServerConnectionManagerRequest", "result":"SYNC_SERVER_OK", "context":{"environment":"Prod_SoutheastAsia_000j", "migrationStage":"NotStarted", "server":"GENERAL0300002B"}}
{"logTime": "0315/192015", "correlationVector":"zg6LWpceY6mkDbIfRfIifl.2","action":"Commit Response", "result":"SYNCER_OK", "context":Result: SYNCER_OK. cV=zg6LWpceY6mkDbIfRfIifl.0;server=GENERAL0300002B;cloudType=Consumer;environment=Prod_SoutheastAsia_000j;migrationStage=NotStarted}
{"logTime": "0315/192105", "correlationVector":"GXzx40mXe1sOE+ieN6np6u","action":"Commit Request", "result":"", "context":Item count: 1
Contributing types: Sessions}
{"logTime": "0315/192105", "correlationVector":"GXzx40mXe1sOE+ieN6np6u.1","action":"SyncServerConnectionManagerRequest", "result":"SYNC_SERVER_OK", "context":{"environment":"Prod_SoutheastAsia_000j", "migrationStage":"NotStarted", "server":"GENERAL0300001R"}}
{"logTime": "0315/192105", "correlationVector":"GXzx40mXe1sOE+ieN6np6u.2","action":"Commit Response", "result":"SYNCER_OK", "context":Result: SYNCER_OK. cV=GXzx40mXe1sOE+ieN6np6u.0;server=GENERAL0300001R;cloudType=Consumer;environment=Prod_SoutheastAsia_000j;migrationStage=NotStarted}
{"logTime": "0315/192141", "correlationVector":"Zon1M1yQebTEESMCQ0hIKz","action":"Commit Request", "result":"", "context":Item count: 1
Contributing types: Sessions}
{"logTime": "0315/192141", "correlationVector":"Zon1M1yQebTEESMCQ0hIKz.1","action":"SyncServerConnectionManagerRequest", "result":"SYNC_SERVER_OK", "context":{"environment":"Prod_SoutheastAsia_000j", "migrationStage":"NotStarted", "server":"GENERAL0100000Z"}}
{"logTime": "0315/192141", "correlationVector":"Zon1M1yQebTEESMCQ0hIKz.2","action":"Commit Response", "result":"SYNCER_OK", "context":Result: SYNCER_OK. cV=Zon1M1yQebTEESMCQ0hIKz.0;server=GENERAL0100000Z;cloudType=Consumer;environment=Prod_SoutheastAsia_000j;migrationStage=NotStarted}
{"logTime": "0315/194512", "correlationVector":"m4+X9VfvNWXzfxvtD0aiQQ","action":"Normal GetUpdate request", "result":"", "context":cV=m4+X9VfvNWXzfxvtD0aiQQ
Notified types: Preferences}
{"logTime": "0315/194513", "correlationVector":"m4+X9VfvNWXzfxvtD0aiQQ.1","action":"SyncServerConnectionManagerRequest", "result":"SYNC_SERVER_OK", "context":{"environment":"Prod_SoutheastAsia_000j", "migrationStage":"NotStarted", "server":"GENERAL03000000"}}
{"logTime": "0315/194513", "correlationVector":"m4+X9VfvNWXzfxvtD0aiQQ.2","action":"GetUpdates", "result":"DeleteReceived", "context":{"id":"bfbc5394-0fa4-41ab-844a-701185ed17e1", "isDeleted:":"true", "version":"1710530247532"}}
{"logTime": "0315/194513", "correlationVector":"m4+X9VfvNWXzfxvtD0aiQQ.3","action":"GetUpdates Response", "result":"SYNCER_OK", "context":Received 8 update(s). cV=m4+X9VfvNWXzfxvtD0aiQQ.0;server=GENERAL03000000;cloudType=Consumer;environment=Prod_SoutheastAsia_000j;migrationStage=NotStarted}
{"logTime": "0315/194552", "correlationVector":"OvnjHocdChwPtuB9ZI7Qb8","action":"Commit Request", "result":"", "context":Item count: 1
Contributing types: Sessions}
{"logTime": "0315/194553", "correlationVector":"OvnjHocdChwPtuB9ZI7Qb8.1","action":"SyncServerConnectionManagerRequest", "result":"SYNC_SERVER_OK", "context":{"environment":"Prod_SoutheastAsia_000j", "migrationStage":"NotStarted", "server":"GENERAL0100000D"}}
{"logTime": "0315/194553", "correlationVector":"OvnjHocdChwPtuB9ZI7Qb8.2","action":"Commit Response", "result":"SYNCER_OK", "context":Result: SYNCER_OK. cV=OvnjHocdChwPtuB9ZI7Qb8.0;server=GENERAL0100000D;cloudType=Consumer;environment=Prod_SoutheastAsia_000j;migrationStage=NotStarted}
{"logTime": "0315/194624", "correlationVector":"IQcVYk8CtM1v39A+H/nmQc","action":"Commit Request", "result":"", "context":Item count: 1
Contributing types: Sessions}
{"logTime": "0315/194624", "correlationVector":"IQcVYk8CtM1v39A+H/nmQc.1","action":"SyncServerConnectionManagerRequest", "result":"SYNC_SERVER_OK", "context":{"environment":"Prod_SoutheastAsia_000j", "migrationStage":"NotStarted", "server":"GENERAL0300000O"}}
{"logTime": "0315/194624", "correlationVector":"IQcVYk8CtM1v39A+H/nmQc.2","action":"Commit Response", "result":"SYNCER_OK", "context":Result: SYNCER_OK. cV=IQcVYk8CtM1v39A+H/nmQc.0;server=GENERAL0300000O;cloudType=Consumer;environment=Prod_SoutheastAsia_000j;migrationStage=NotStarted}
{"logTime": "0315/194705", "correlationVector":"UDmUw+8Y7nyK4is/TZCT/b","action":"Commit Request", "result":"", "context":Item count: 1
Contributing types: Sessions}
{"logTime": "0315/194705", "correlationVector":"UDmUw+8Y7nyK4is/TZCT/b.1","action":"SyncServerConnectionManagerRequest", "result":"SYNC_SERVER_OK", "context":{"environment":"Prod_SoutheastAsia_000j", "migrationStage":"NotStarted", "server":"GENERAL0100000L"}}
{"logTime": "0315/194705", "correlationVector":"UDmUw+8Y7nyK4is/TZCT/b.2","action":"Commit Response", "result":"SYNCER_OK", "context":Result: SYNCER_OK. cV=UDmUw+8Y7nyK4is/TZCT/b.0;server=GENERAL0100000L;cloudType=Consumer;environment=Prod_SoutheastAsia_000j;migrationStage=NotStarted}
{"logTime": "0315/194753", "correlationVector":"oc//0PUvUR63Y6cIPAVW0p","action":"Commit Request", "result":"", "context":Item count: 1
Contributing types: Sessions}
{"logTime": "0315/194754", "correlationVector":"oc//0PUvUR63Y6cIPAVW0p.1","action":"SyncServerConnectionManagerRequest", "result":"SYNC_SERVER_OK", "context":{"environment":"Prod_SoutheastAsia_000j", "migrationStage":"NotStarted", "server":"GENERAL0300002B"}}
{"logTime": "0315/194754", "correlationVector":"oc//0PUvUR63Y6cIPAVW0p.2","action":"Commit Response", "result":"SYNCER_OK", "context":Result: SYNCER_OK. cV=oc//0PUvUR63Y6cIPAVW0p.0;server=GENERAL0300002B;cloudType=Consumer;environment=Prod_SoutheastAsia_000j;migrationStage=NotStarted}
{"logTime": "0315/194825", "correlationVector":"+WuFnDk9LuXKq9UpQHoTEM","action":"Commit Request", "result":"", "context":Item count: 1
Contributing types: Sessions}
{"logTime": "0315/194825", "correlationVector":"+WuFnDk9LuXKq9UpQHoTEM.1","action":"SyncServerConnectionManagerRequest", "result":"SYNC_SERVER_OK", "context":{"environment":"Prod_SoutheastAsia_000j", "migrationStage":"NotStarted", "server":"GENERAL0300000K"}}
{"logTime": "0315/194825", "correlationVector":"+WuFnDk9LuXKq9UpQHoTEM.2","action":"Commit Response", "result":"SYNCER_OK", "context":Result: SYNCER_OK. cV=+WuFnDk9LuXKq9UpQHoTEM.0;server=GENERAL0300000K;cloudType=Consumer;environment=Prod_SoutheastAsia_000j;migrationStage=NotStarted}
{"logTime": "0315/194856", "correlationVector":"DyVkrw+OnGWJZXSfQwsJ9+","action":"Commit Request", "result":"", "context":Item count: 1
Contributing types: Sessions}
{"logTime": "0315/194856", "correlationVector":"DyVkrw+OnGWJZXSfQwsJ9+.1","action":"SyncServerConnectionManagerRequest", "result":"SYNC_SERVER_OK", "context":{"environment":"Prod_SoutheastAsia_000j", "migrationStage":"NotStarted", "server":"GENERAL0300001Y"}}
{"logTime": "0315/194856", "correlationVector":"DyVkrw+OnGWJZXSfQwsJ9+.2","action":"Commit Response", "result":"SYNCER_OK", "context":Result: SYNCER_OK. cV=DyVkrw+OnGWJZXSfQwsJ9+.0;server=GENERAL0300001Y;cloudType=Consumer;environment=Prod_SoutheastAsia_000j;migrationStage=NotStarted}
{"logTime": "0315/194939", "correlationVector":"vE4HpyukH5grxxRvET0rkE","action":"Commit Request", "result":"", "context":Item count: 1
Contributing types: Sessions}
{"logTime": "0315/194939", "correlationVector":"vE4HpyukH5grxxRvET0rkE.1","action":"SyncServerConnectionManagerRequest", "result":"SYNC_SERVER_OK", "context":{"environment":"Prod_SoutheastAsia_000j", "migrationStage":"NotStarted", "server":"GENERAL0300001D"}}
{"logTime": "0315/194939", "correlationVector":"vE4HpyukH5grxxRvET0rkE.2","action":"Commit Response", "result":"SYNCER_OK", "context":Result: SYNCER_OK. cV=vE4HpyukH5grxxRvET0rkE.0;server=GENERAL0300001D;cloudType=Consumer;environment=Prod_SoutheastAsia_000j;migrationStage=NotStarted}
{"logTime": "0315/195016", "correlationVector":"xWai2sMmqkTi/rJyFOaejk","action":"Commit Request", "result":"", "context":Item count: 1
Contributing types: Sessions}
{"logTime": "0315/195016", "correlationVector":"xWai2sMmqkTi/rJyFOaejk.1","action":"SyncServerConnectionManagerRequest", "result":"SYNC_SERVER_OK", "context":{"environment":"Prod_SoutheastAsia_000j", "migrationStage":"NotStarted", "server":"GENERAL0300001Y"}}
{"logTime": "0315/195016", "correlationVector":"xWai2sMmqkTi/rJyFOaejk.2","action":"Commit Response", "result":"SYNCER_OK", "context":Result: SYNCER_OK. cV=xWai2sMmqkTi/rJyFOaejk.0;server=GENERAL0300001Y;cloudType=Consumer;environment=Prod_SoutheastAsia_000j;migrationStage=NotStarted}
{"logTime": "0315/195101", "correlationVector":"/kg5znlM8+frW6IMoRWiAV","action":"Commit Request", "result":"", "context":Item count: 1
Contributing types: Sessions}
{"logTime": "0315/195101", "correlationVector":"/kg5znlM8+frW6IMoRWiAV.1","action":"SyncServerConnectionManagerRequest", "result":"SYNC_SERVER_OK", "context":{"environment":"Prod_SoutheastAsia_000j", "migrationStage":"NotStarted", "server":"GENERAL0300001Q"}}
{"logTime": "0315/195101", "correlationVector":"/kg5znlM8+frW6IMoRWiAV.2","action":"Commit Response", "result":"SYNCER_OK", "context":Result: SYNCER_OK. cV=/kg5znlM8+frW6IMoRWiAV.0;server=GENERAL0300001Q;cloudType=Consumer;environment=Prod_SoutheastAsia_000j;migrationStage=NotStarted}
{"logTime": "0315/195132", "correlationVector":"qI4CiyqbdA2MLb3O0L1ezC","action":"Commit Request", "result":"", "context":Item count: 1
Contributing types: Sessions}
{"logTime": "0315/195132", "correlationVector":"qI4CiyqbdA2MLb3O0L1ezC.1","action":"SyncServerConnectionManagerRequest", "result":"SYNC_SERVER_OK", "context":{"environment":"Prod_SoutheastAsia_000j", "migrationStage":"NotStarted", "server":"GENERAL01000000"}}
{"logTime": "0315/195132", "correlationVector":"qI4CiyqbdA2MLb3O0L1ezC.2","action":"Commit Response", "result":"SYNCER_OK", "context":Result: SYNCER_OK. cV=qI4CiyqbdA2MLb3O0L1ezC.0;server=GENERAL01000000;cloudType=Consumer;environment=Prod_SoutheastAsia_000j;migrationStage=NotStarted}
{"logTime": "0315/195222", "correlationVector":"3O0A+TrFlTOUcsjJutqPra","action":"Commit Request", "result":"", "context":Item count: 1
Contributing types: Sessions}
{"logTime": "0315/195222", "correlationVector":"3O0A+TrFlTOUcsjJutqPra.1","action":"SyncServerConnectionManagerRequest", "result":"SYNC_SERVER_OK", "context":{"environment":"Prod_SoutheastAsia_000j", "migrationStage":"NotStarted", "server":"GENERAL01000009"}}
{"logTime": "0315/195222", "correlationVector":"3O0A+TrFlTOUcsjJutqPra.2","action":"Commit Response", "result":"SYNCER_OK", "context":Result: SYNCER_OK. cV=3O0A+TrFlTOUcsjJutqPra.0;server=GENERAL01000009;cloudType=Consumer;environment=Prod_SoutheastAsia_000j;migrationStage=NotStarted}
{"logTime": "0315/195256", "correlationVector":"Jw5AL40MvzNrJ84WjdtV9a","action":"Commit Request", "result":"", "context":Item count: 1
Contributing types: Sessions}
{"logTime": "0315/195256", "correlationVector":"Jw5AL40MvzNrJ84WjdtV9a.1","action":"SyncServerConnectionManagerRequest", "result":"SYNC_SERVER_OK", "context":{"environment":"Prod_SoutheastAsia_000j", "migrationStage":"NotStarted", "server":"GENERAL01000018"}}
{"logTime": "0315/195256", "correlationVector":"Jw5AL40MvzNrJ84WjdtV9a.2","action":"Commit Response", "result":"SYNCER_OK", "context":Result: SYNCER_OK. cV=Jw5AL40MvzNrJ84WjdtV9a.0;server=GENERAL01000018;cloudType=Consumer;environment=Prod_SoutheastAsia_000j;migrationStage=NotStarted}
{"logTime": "0315/195328", "correlationVector":"uorudNRgRjs9MqksYznr1v","action":"Commit Request", "result":"", "context":Item count: 1
Contributing types: Sessions}
{"logTime": "0315/195328", "correlationVector":"uorudNRgRjs9MqksYznr1v.1","action":"SyncServerConnectionManagerRequest", "result":"SYNC_SERVER_OK", "context":{"environment":"Prod_SoutheastAsia_000j", "migrationStage":"NotStarted", "server":"GENERAL01000017"}}
{"logTime": "0315/195328", "correlationVector":"uorudNRgRjs9MqksYznr1v.2","action":"Commit Response", "result":"SYNCER_OK", "context":Result: SYNCER_OK. cV=uorudNRgRjs9MqksYznr1v.0;server=GENERAL01000017;cloudType=Consumer;environment=Prod_SoutheastAsia_000j;migrationStage=NotStarted}
{"logTime": "0315/195412", "correlationVector":"jeGRq99n8QK8qLsoFOJglC","action":"Commit Request", "result":"", "context":Item count: 1
Contributing types: Sessions}
{"logTime": "0315/195413", "correlationVector":"jeGRq99n8QK8qLsoFOJglC.1","action":"SyncServerConnectionManagerRequest", "result":"SYNC_SERVER_OK", "context":{"environment":"Prod_SoutheastAsia_000j", "migrationStage":"NotStarted", "server":"GENERAL0300001O"}}
{"logTime": "0315/195413", "correlationVector":"jeGRq99n8QK8qLsoFOJglC.2","action":"Commit Response", "result":"SYNCER_OK", "context":Result: SYNCER_OK. cV=jeGRq99n8QK8qLsoFOJglC.0;server=GENERAL0300001O;cloudType=Consumer;environment=Prod_SoutheastAsia_000j;migrationStage=NotStarted}
{"logTime": "0315/195449", "correlationVector":"Fr3yi1zwObtocHGXAaqGX8","action":"Commit Request", "result":"", "context":Item count: 1
Contributing types: Sessions}
{"logTime": "0315/195449", "correlationVector":"Fr3yi1zwObtocHGXAaqGX8.1","action":"SyncServerConnectionManagerRequest", "result":"SYNC_SERVER_OK", "context":{"environment":"Prod_SoutheastAsia_000j", "migrationStage":"NotStarted", "server":"GENERAL0300000F"}}
{"logTime": "0315/195449", "correlationVector":"Fr3yi1zwObtocHGXAaqGX8.2","action":"Commit Response", "result":"SYNCER_OK", "context":Result: SYNCER_OK. cV=Fr3yi1zwObtocHGXAaqGX8.0;server=GENERAL0300000F;cloudType=Consumer;environment=Prod_SoutheastAsia_000j;migrationStage=NotStarted}
{"logTime": "0315/195527", "correlationVector":"P76vR26G53c0qrxKy4up1z","action":"Commit Request", "result":"", "context":Item count: 1
Contributing types: Sessions}
{"logTime": "0315/195527", "correlationVector":"P76vR26G53c0qrxKy4up1z.1","action":"SyncServerConnectionManagerRequest", "result":"SYNC_SERVER_OK", "context":{"environment":"Prod_SoutheastAsia_000j", "migrationStage":"NotStarted", "server":"GENERAL03000022"}}
{"logTime": "0315/195527", "correlationVector":"P76vR26G53c0qrxKy4up1z.2","action":"Commit Response", "result":"SYNCER_OK", "context":Result: SYNCER_OK. cV=P76vR26G53c0qrxKy4up1z.0;server=GENERAL03000022;cloudType=Consumer;environment=Prod_SoutheastAsia_000j;migrationStage=NotStarted}
{"logTime": "0315/195558", "correlationVector":"vTJ76gfjScPm73T7p6QTXv","action":"Commit Request", "result":"", "context":Item count: 1
Contributing types: Sessions}
{"logTime": "0315/195559", "correlationVector":"vTJ76gfjScPm73T7p6QTXv.1","action":"SyncServerConnectionManagerRequest", "result":"SYNC_SERVER_OK", "context":{"environment":"Prod_SoutheastAsia_000j", "migrationStage":"NotStarted", "server":"GENERAL0300001B"}}
{"logTime": "0315/195559", "correlationVector":"vTJ76gfjScPm73T7p6QTXv.2","action":"Commit Response", "result":"SYNCER_OK", "context":Result: SYNCER_OK. cV=vTJ76gfjScPm73T7p6QTXv.0;server=GENERAL0300001B;cloudType=Consumer;environment=Prod_SoutheastAsia_000j;migrationStage=NotStarted}
{"logTime": "0315/195808", "correlationVector":"sfUt0PXK5uqKODYeXundv0","action":"Commit Request", "result":"", "context":Item count: 1
Contributing types: Sessions}
{"logTime": "0315/195808", "correlationVector":"sfUt0PXK5uqKODYeXundv0.1","action":"SyncServerConnectionManagerRequest", "result":"SYNC_SERVER_OK", "context":{"environment":"Prod_SoutheastAsia_000j", "migrationStage":"NotStarted", "server":"GENERAL0300001I"}}
{"logTime": "0315/195808", "correlationVector":"sfUt0PXK5uqKODYeXundv0.2","action":"Commit Response", "result":"SYNCER_OK", "context":Result: SYNCER_OK. cV=sfUt0PXK5uqKODYeXundv0.0;server=GENERAL0300001I;cloudType=Consumer;environment=Prod_SoutheastAsia_000j;migrationStage=NotStarted}
{"logTime": "0315/200322", "correlationVector":"P/jInYKw7OF1x1AjKnIQ/5","action":"Commit Request", "result":"", "context":Item count: 1
Contributing types: Sessions}
{"logTime": "0315/200322", "correlationVector":"P/jInYKw7OF1x1AjKnIQ/5.1","action":"SyncServerConnectionManagerRequest", "result":"SYNC_SERVER_OK", "context":{"environment":"Prod_SoutheastAsia_000j", "migrationStage":"NotStarted", "server":"general0100001D"}}
{"logTime": "0315/200322", "correlationVector":"P/jInYKw7OF1x1AjKnIQ/5.2","action":"Commit Response", "result":"SYNCER_OK", "context":Result: SYNCER_OK. cV=P/jInYKw7OF1x1AjKnIQ/5.0;server=general0100001D;cloudType=Consumer;environment=Prod_SoutheastAsia_000j;migrationStage=NotStarted}
{"logTime": "0315/200602", "correlationVector":"gifwPZG63VIK6Tbr01wPVK","action":"Commit Request", "result":"", "context":Item count: 1
Contributing types: Sessions}
{"logTime": "0315/200603", "correlationVector":"gifwPZG63VIK6Tbr01wPVK.1","action":"SyncServerConnectionManagerRequest", "result":"SYNC_SERVER_OK", "context":{"environment":"Prod_SoutheastAsia_000j", "migrationStage":"NotStarted", "server":"GENERAL0100001F"}}
{"logTime": "0315/200603", "correlationVector":"gifwPZG63VIK6Tbr01wPVK.2","action":"Commit Response", "result":"SYNCER_OK", "context":Result: SYNCER_OK. cV=gifwPZG63VIK6Tbr01wPVK.0;server=GENERAL0100001F;cloudType=Consumer;environment=Prod_SoutheastAsia_000j;migrationStage=NotStarted}
{"logTime": "0315/200730", "correlationVector":"PiNJSfCGnjhAEswTlJd66s","action":"Commit Request", "result":"", "context":Item count: 1
Contributing types: Sessions}
{"logTime": "0315/200730", "correlationVector":"PiNJSfCGnjhAEswTlJd66s.1","action":"SyncServerConnectionManagerRequest", "result":"SYNC_SERVER_OK", "context":{"environment":"Prod_SoutheastAsia_000j", "migrationStage":"NotStarted", "server":"GENERAL0100000L"}}
{"logTime": "0315/200730", "correlationVector":"PiNJSfCGnjhAEswTlJd66s.2","action":"Commit Response", "result":"SYNCER_OK", "context":Result: SYNCER_OK. cV=PiNJSfCGnjhAEswTlJd66s.0;server=GENERAL0100000L;cloudType=Consumer;environment=Prod_SoutheastAsia_000j;migrationStage=NotStarted}
{"logTime": "0315/200848", "correlationVector":"7jJlLNe+f8gSlbMGKZjpP7","action":"Commit Request", "result":"", "context":Item count: 1
Contributing types: Sessions}
{"logTime": "0315/200848", "correlationVector":"7jJlLNe+f8gSlbMGKZjpP7.1","action":"SyncServerConnectionManagerRequest", "result":"SYNC_SERVER_OK", "context":{"environment":"Prod_SoutheastAsia_000j", "migrationStage":"NotStarted", "server":"GENERAL0100000Q"}}
{"logTime": "0315/200848", "correlationVector":"7jJlLNe+f8gSlbMGKZjpP7.2","action":"Commit Response", "result":"SYNCER_OK", "context":Result: SYNCER_OK. cV=7jJlLNe+f8gSlbMGKZjpP7.0;server=GENERAL0100000Q;cloudType=Consumer;environment=Prod_SoutheastAsia_000j;migrationStage=NotStarted}
{"logTime": "0315/201013", "correlationVector":"8fGZ/ObTTJu06gCRP6itJE.1","action":"SyncServerConnectionManagerRequest", "result":"SYNC_SERVER_OK", "context":{"environment":"Prod_SoutheastAsia_000j", "migrationStage":"NotStarted", "server":"GENERAL03000008"}}
{"logTime": "0315/201013", "correlationVector":"8fGZ/ObTTJu06gCRP6itJE","action":"Initial GetUpdates", "result":"", "context":Reason: NEW_CLIENT. cV=8fGZ/ObTTJu06gCRP6itJE}
{"logTime": "0315/201013", "correlationVector":"8fGZ/ObTTJu06gCRP6itJE.2","action":"GetUpdates Response", "result":"SYNCER_OK", "context":Received 1 update(s). cV=8fGZ/ObTTJu06gCRP6itJE.0;server=GENERAL03000008;cloudType=Consumer;environment=Prod_SoutheastAsia_000j;migrationStage=NotStarted}
{"logTime": "0315/201013", "correlationVector":"RUArh0n39mIQWSPMbXi32O","action":"SyncServerConnectionManagerRequest", "result":"SYNC_SERVER_OK", "context":{"environment":"", "migrationStage":"", "server":""}}
{"logTime": "0315/201013", "correlationVector":"rpc08e8PgMOvGnYUDd9fAC","action":"Initial GetUpdates", "result":"", "context":Reason: NEWLY_SUPPORTED_DATATYPE. cV=rpc08e8PgMOvGnYUDd9fAC}
{"logTime": "0315/201014", "correlationVector":"rpc08e8PgMOvGnYUDd9fAC.1","action":"SyncServerConnectionManagerRequest", "result":"SYNC_SERVER_OK", "context":{"environment":"Prod_SoutheastAsia_000j", "migrationStage":"NotStarted", "server":"GENERAL0300001E"}}
{"logTime": "0315/201014", "correlationVector":"rpc08e8PgMOvGnYUDd9fAC.2","action":"GetUpdates", "result":"DeleteReceived", "context":{"id":"65f145dc-7685-437a-b739-4c9c1961c4d5", "isDeleted:":"true", "version":"1686142791540"}}
{"logTime": "0315/201014", "correlationVector":"rpc08e8PgMOvGnYUDd9fAC.3","action":"GetUpdates", "result":"DeleteReceived", "context":{"id":"d48ff3fb-07e2-4b5e-b3d5-08f213f6e714", "isDeleted:":"true", "version":"1686142798909"}}
{"logTime": "0315/201014", "correlationVector":"rpc08e8PgMOvGnYUDd9fAC.4","action":"GetUpdates", "result":"DeleteReceived", "context":{"id":"5a431148-7c8b-4aac-a1c9-edcb0839b253", "isDeleted:":"true", "version":"1686142803916"}}
{"logTime": "0315/201014", "correlationVector":"rpc08e8PgMOvGnYUDd9fAC.5","action":"GetUpdates", "result":"DeleteReceived", "context":{"id":"2b175b0e-4395-40bc-a540-7de1eee3fdcd", "isDeleted:":"true", "version":"1686485330350"}}
{"logTime": "0315/201014", "correlationVector":"rpc08e8PgMOvGnYUDd9fAC.6","action":"GetUpdates", "result":"DeleteReceived", "context":{"id":"eb892d78-521e-4fe3-b3b6-ea0674960f5c", "isDeleted:":"true", "version":"1686485331228"}}
{"logTime": "0315/201014", "correlationVector":"rpc08e8PgMOvGnYUDd9fAC.7","action":"GetUpdates", "result":"DeleteReceived", "context":{"id":"46159ad5-0840-41a8-864f-790b3086b59a", "isDeleted:":"true", "version":"1686485335819"}}
{"logTime": "0315/201014", "correlationVector":"rpc08e8PgMOvGnYUDd9fAC.8","action":"GetUpdates", "result":"DeleteReceived", "context":{"id":"adf6e0e5-56f0-4688-a676-bcc8220d3e9d", "isDeleted:":"true", "version":"1686584069525"}}
{"logTime": "0315/201014", "correlationVector":"rpc08e8PgMOvGnYUDd9fAC.9","action":"GetUpdates", "result":"DeleteReceived", "context":{"id":"d7175d23-99d7-47f1-a667-78f756e1b9c2", "isDeleted:":"true", "version":"1686584070180"}}
{"logTime": "0315/201014", "correlationVector":"rpc08e8PgMOvGnYUDd9fAC.10","action":"GetUpdates", "result":"DeleteReceived", "context":{"id":"143d5f49-7c22-4b4f-b24f-96f639edffcf", "isDeleted:":"true", "version":"1686584070846"}}
{"logTime": "0315/201014", "correlationVector":"rpc08e8PgMOvGnYUDd9fAC.11","action":"GetUpdates", "result":"DeleteReceived", "context":{"id":"336f8455-12b5-4704-801d-c5052ab96657", "isDeleted:":"true", "version":"1686584073608"}}
{"logTime": "0315/201014", "correlationVector":"rpc08e8PgMOvGnYUDd9fAC.12","action":"GetUpdates", "result":"DeleteReceived", "context":{"id":"4d6bccf3-8337-4421-97bd-294f9f6cab0d", "isDeleted:":"true", "version":"1687946916529"}}
{"logTime": "0315/201014", "correlationVector":"rpc08e8PgMOvGnYUDd9fAC.13","action":"GetUpdates", "result":"DeleteReceived", "context":{"id":"295d6b6a-2cef-4778-84fb-e4bc31ee3603", "isDeleted:":"true", "version":"1688715537841"}}
{"logTime": "0315/201014", "correlationVector":"rpc08e8PgMOvGnYUDd9fAC.14","action":"GetUpdates", "result":"DeleteReceived", "context":{"id":"ee88c98c-57e4-440f-be49-120d4f8c8e9c", "isDeleted:":"true", "version":"1696143204857"}}
{"logTime": "0315/201014", "correlationVector":"rpc08e8PgMOvGnYUDd9fAC.15","action":"GetUpdates", "result":"DeleteReceived", "context":{"id":"1aad802a-7e24-4800-bbce-3a39958dbd29", "isDeleted:":"true", "version":"1698508973940"}}
{"logTime": "0315/201014", "correlationVector":"rpc08e8PgMOvGnYUDd9fAC.16","action":"GetUpdates", "result":"DeleteReceived", "context":{"id":"f956ea71-f83c-44b0-8880-8a6e928f7493", "isDeleted:":"true", "version":"1699956069194"}}
{"logTime": "0315/201014", "correlationVector":"rpc08e8PgMOvGnYUDd9fAC.17","action":"GetUpdates", "result":"DeleteReceived", "context":{"id":"d794a992-6e3b-4766-acd4-cff1e71e920d", "isDeleted:":"true", "version":"1699956069974"}}
{"logTime": "0315/201014", "correlationVector":"rpc08e8PgMOvGnYUDd9fAC.18","action":"GetUpdates", "result":"DeleteReceived", "context":{"id":"9e2ed2c8-dea9-4acb-95d6-cbb4cee453f4", "isDeleted:":"true", "version":"1699956070709"}}
{"logTime": "0315/201014", "correlationVector":"rpc08e8PgMOvGnYUDd9fAC.19","action":"GetUpdates", "result":"DeleteReceived", "context":{"id":"87ce09c8-0453-4191-90b1-6ac05e4cb168", "isDeleted:":"true", "version":"1699956073388"}}
{"logTime": "0315/201014", "correlationVector":"rpc08e8PgMOvGnYUDd9fAC.20","action":"GetUpdates", "result":"DeleteReceived", "context":{"id":"d5143e79-4d62-4497-a45a-8c8229a7832e", "isDeleted:":"true", "version":"1704378730133"}}
{"logTime": "0315/201014", "correlationVector":"rpc08e8PgMOvGnYUDd9fAC.21","action":"GetUpdates", "result":"DeleteReceived", "context":{"id":"af1c7a08-8255-47ed-ad07-c1fccfda9b48", "isDeleted:":"true", "version":"1704530106908"}}
{"logTime": "0315/201014", "correlationVector":"rpc08e8PgMOvGnYUDd9fAC.22","action":"GetUpdates", "result":"DeleteReceived", "context":{"id":"f48c249a-c31e-450c-b72b-00d75025153c", "isDeleted:":"true", "version":"1704530122309"}}
{"logTime": "0315/201014", "correlationVector":"rpc08e8PgMOvGnYUDd9fAC.23","action":"GetUpdates", "result":"DeleteReceived", "context":{"id":"325f481c-2fd8-4b6b-9961-72355cadbfe9", "isDeleted:":"true", "version":"1704530135097"}}
{"logTime": "0315/201014", "correlationVector":"rpc08e8PgMOvGnYUDd9fAC.24","action":"GetUpdates", "result":"DeleteReceived", "context":{"id":"37e51997-74f9-4828-abb6-61adbe5729c1", "isDeleted:":"true", "version":"1704530135900"}}
{"logTime": "0315/201014", "correlationVector":"rpc08e8PgMOvGnYUDd9fAC.25","action":"GetUpdates", "result":"DeleteReceived", "context":{"id":"b877247d-8e7f-4871-94e2-5c1562793f8f", "isDeleted:":"true", "version":"1704530144428"}}
{"logTime": "0315/201014", "correlationVector":"rpc08e8PgMOvGnYUDd9fAC.26","action":"GetUpdates Response", "result":"SYNCER_OK", "context":Received 215 update(s). cV=rpc08e8PgMOvGnYUDd9fAC.0;server=GENERAL0300001E;cloudType=Consumer;environment=Prod_SoutheastAsia_000j;migrationStage=NotStarted}
{"logTime": "0315/201014", "correlationVector":"nqJSUIILLUB7M3vNIi3ZDw","action":"Normal GetUpdate request", "result":"", "context":cV=nqJSUIILLUB7M3vNIi3ZDw
Nudged types: Sessions
Refresh requested types: Bookmarks, Preferences, Passwords, Autofill Profiles, Autofill, Typed URLs, Extensions, Sessions, Extension settings, History Delete Directives, Device Info, User Consents, Send Tab To Self, Web Apps, Collection, Edge E Drop, Edge Hub App Usage, Edge Wallet, Encryption Keys}
{"logTime": "0315/201015", "correlationVector":"nqJSUIILLUB7M3vNIi3ZDw.1","action":"SyncServerConnectionManagerRequest", "result":"SYNC_SERVER_OK", "context":{"environment":"Prod_SoutheastAsia_000j", "migrationStage":"NotStarted", "server":"GENERAL0300001V"}}
{"logTime": "0315/201015", "correlationVector":"nqJSUIILLUB7M3vNIi3ZDw.2","action":"GetUpdates", "result":"DeleteReceived", "context":{"id":"6b917405-b980-42ee-9d3e-464b9e0505ce", "isDeleted:":"true", "version":"1710532939377"}}
{"logTime": "0315/201015", "correlationVector":"nqJSUIILLUB7M3vNIi3ZDw.3","action":"GetUpdates Response", "result":"SYNCER_OK", "context":Received 10 update(s). cV=nqJSUIILLUB7M3vNIi3ZDw.0;server=GENERAL0300001V;cloudType=Consumer;environment=Prod_SoutheastAsia_000j;migrationStage=NotStarted}
{"logTime": "0315/201015", "correlationVector":"AveSI7YodhSKUHgBtBEHxj","action":"Commit Request", "result":"", "context":Item count: 4
Contributing types: Preferences, Sessions}
{"logTime": "0315/201015", "correlationVector":"AveSI7YodhSKUHgBtBEHxj.1","action":"SyncServerConnectionManagerRequest", "result":"SYNC_SERVER_OK", "context":{"environment":"Prod_SoutheastAsia_000j", "migrationStage":"NotStarted", "server":"GENERAL0100001A"}}
{"logTime": "0315/201015", "correlationVector":"AveSI7YodhSKUHgBtBEHxj.2","action":"Commit Response", "result":"SYNCER_OK", "context":Result: SYNCER_OK. cV=AveSI7YodhSKUHgBtBEHxj.0;server=GENERAL0100001A;cloudType=Consumer;environment=Prod_SoutheastAsia_000j;migrationStage=NotStarted}
{"logTime": "0315/201016", "correlationVector":"Kq60arX/Gt5ivBJTXu5xAf","action":"Normal GetUpdate request", "result":"", "context":cV=Kq60arX/Gt5ivBJTXu5xAf
Nudged types: Preferences, Sessions}
{"logTime": "0315/201017", "correlationVector":"Kq60arX/Gt5ivBJTXu5xAf.1","action":"SyncServerConnectionManagerRequest", "result":"SYNC_SERVER_OK", "context":{"environment":"Prod_SoutheastAsia_000j", "migrationStage":"NotStarted", "server":"GENERAL03000008"}}
{"logTime": "0315/201017", "correlationVector":"Kq60arX/Gt5ivBJTXu5xAf.2","action":"GetUpdates Response", "result":"SYNCER_OK", "context":Received 4 update(s). cV=Kq60arX/Gt5ivBJTXu5xAf.0;server=GENERAL03000008;cloudType=Consumer;environment=Prod_SoutheastAsia_000j;migrationStage=NotStarted}
{"logTime": "0315/201042", "correlationVector":"Tq4DdCTNc2oqxOAiNRgdEP","action":"Commit Request", "result":"", "context":Item count: 3
Contributing types: Preferences, Sessions}
{"logTime": "0315/201042", "correlationVector":"Tq4DdCTNc2oqxOAiNRgdEP.1","action":"SyncServerConnectionManagerRequest", "result":"SYNC_SERVER_OK", "context":{"environment":"Prod_SoutheastAsia_000j", "migrationStage":"NotStarted", "server":"GENERAL0300000L"}}
{"logTime": "0315/201042", "correlationVector":"Tq4DdCTNc2oqxOAiNRgdEP.3","action":"Commit.Sessions", "result":"Success", "context":{"id":"db207f71-b734-4fdd-a4a9-e51056f870eb", "isDeleted":"true", "size":"0", "version":"1710533476600"}}
{"logTime": "0315/201043", "correlationVector":"Tq4DdCTNc2oqxOAiNRgdEP.2","action":"Commit Response", "result":"SYNCER_OK", "context":Result: SYNCER_OK. cV=Tq4DdCTNc2oqxOAiNRgdEP.0;server=GENERAL0300000L;cloudType=Consumer;environment=Prod_SoutheastAsia_000j;migrationStage=NotStarted}
{"logTime": "0315/201045", "correlationVector":"1jdgn7CEZTjS3PKfdv/GT5","action":"Commit Request", "result":"", "context":Item count: 1
Contributing types: Preferences}
{"logTime": "0315/201047", "correlationVector":"1jdgn7CEZTjS3PKfdv/GT5.1","action":"SyncServerConnectionManagerRequest", "result":"SYNC_SERVER_OK", "context":{"environment":"Prod_SoutheastAsia_000j", "migrationStage":"NotStarted", "server":"GENERAL01000002"}}
{"logTime": "0315/201047", "correlationVector":"1jdgn7CEZTjS3PKfdv/GT5.2","action":"Commit Response", "result":"SYNCER_OK", "context":Result: SYNCER_OK. cV=1jdgn7CEZTjS3PKfdv/GT5.0;server=GENERAL01000002;cloudType=Consumer;environment=Prod_SoutheastAsia_000j;migrationStage=NotStarted}
{"logTime": "0315/201048", "correlationVector":"ij+RnkG9rmgD1559R1DZM3","action":"Commit Request", "result":"", "context":Item count: 1
Contributing types: Preferences}
{"logTime": "0315/201048", "correlationVector":"ij+RnkG9rmgD1559R1DZM3.1","action":"SyncServerConnectionManagerRequest", "result":"SYNC_SERVER_OK", "context":{"environment":"Prod_SoutheastAsia_000j", "migrationStage":"NotStarted", "server":"GENERAL0300000O"}}
{"logTime": "0315/201049", "correlationVector":"ij+RnkG9rmgD1559R1DZM3.2","action":"Commit Response", "result":"SYNCER_OK", "context":Result: SYNCER_OK. cV=ij+RnkG9rmgD1559R1DZM3.0;server=GENERAL0300000O;cloudType=Consumer;environment=Prod_SoutheastAsia_000j;migrationStage=NotStarted}
{"logTime": "0315/201223", "correlationVector":"deZsZmqwOH6bu5d+5DCZx3","action":"Commit Request", "result":"", "context":Item count: 1
Contributing types: Sessions}
{"logTime": "0315/201223", "correlationVector":"deZsZmqwOH6bu5d+5DCZx3.1","action":"SyncServerConnectionManagerRequest", "result":"SYNC_SERVER_OK", "context":{"environment":"Prod_SoutheastAsia_000j", "migrationStage":"NotStarted", "server":"GENERAL0300002B"}}
{"logTime": "0315/201223", "correlationVector":"deZsZmqwOH6bu5d+5DCZx3.2","action":"Commit Response", "result":"SYNCER_OK", "context":Result: SYNCER_OK. cV=deZsZmqwOH6bu5d+5DCZx3.0;server=GENERAL0300002B;cloudType=Consumer;environment=Prod_SoutheastAsia_000j;migrationStage=NotStarted}
{"logTime": "0315/201255", "correlationVector":"f1FWyLNQjzTJqhjdHRQefp","action":"Commit Request", "result":"", "context":Item count: 1
Contributing types: Sessions}
{"logTime": "0315/201255", "correlationVector":"f1FWyLNQjzTJqhjdHRQefp.1","action":"SyncServerConnectionManagerRequest", "result":"SYNC_SERVER_OK", "context":{"environment":"Prod_SoutheastAsia_000j", "migrationStage":"NotStarted", "server":"GENERAL0300001I"}}
{"logTime": "0315/201255", "correlationVector":"f1FWyLNQjzTJqhjdHRQefp.2","action":"Commit Response", "result":"SYNCER_OK", "context":Result: SYNCER_OK. cV=f1FWyLNQjzTJqhjdHRQefp.0;server=GENERAL0300001I;cloudType=Consumer;environment=Prod_SoutheastAsia_000j;migrationStage=NotStarted}
{"logTime": "0315/201443", "correlationVector":"pIv+lGzRPWDthWCh/wMHBd","action":"Commit Request", "result":"", "context":Item count: 1
Contributing types: Sessions}
{"logTime": "0315/201443", "correlationVector":"pIv+lGzRPWDthWCh/wMHBd.1","action":"SyncServerConnectionManagerRequest", "result":"SYNC_SERVER_OK", "context":{"environment":"Prod_SoutheastAsia_000j", "migrationStage":"NotStarted", "server":"GENERAL0300002E"}}
{"logTime": "0315/201443", "correlationVector":"pIv+lGzRPWDthWCh/wMHBd.2","action":"Commit Response", "result":"SYNCER_OK", "context":Result: SYNCER_OK. cV=pIv+lGzRPWDthWCh/wMHBd.0;server=GENERAL0300002E;cloudType=Consumer;environment=Prod_SoutheastAsia_000j;migrationStage=NotStarted}
{"logTime": "0315/201511", "correlationVector":"Omy4uCmq2Yd4d75VjRp3Uo","action":"Normal GetUpdate request", "result":"", "context":cV=Omy4uCmq2Yd4d75VjRp3Uo
Nudged types: Sessions
Refresh requested types: Bookmarks, Preferences, Passwords, Autofill Profiles, Autofill, Typed URLs, Extensions, Sessions, Extension settings, History Delete Directives, Device Info, User Consents, Send Tab To Self, Web Apps, Collection, Edge E Drop, Edge Hub App Usage, Edge Wallet, Encryption Keys}
{"logTime": "0315/201511", "correlationVector":"Omy4uCmq2Yd4d75VjRp3Uo.1","action":"SyncServerConnectionManagerRequest", "result":"SYNC_SERVER_OK", "context":{"environment":"Prod_SoutheastAsia_000j", "migrationStage":"NotStarted", "server":"GENERAL0300001Y"}}
{"logTime": "0315/201511", "correlationVector":"Omy4uCmq2Yd4d75VjRp3Uo.2","action":"GetUpdates", "result":"DeleteReceived", "context":{"id":"db207f71-b734-4fdd-a4a9-e51056f870eb", "isDeleted:":"true", "version":"1710533504523"}}
{"logTime": "0315/201511", "correlationVector":"Omy4uCmq2Yd4d75VjRp3Uo.3","action":"GetUpdates Response", "result":"SYNCER_OK", "context":Received 4 update(s). cV=Omy4uCmq2Yd4d75VjRp3Uo.0;server=GENERAL0300001Y;cloudType=Consumer;environment=Prod_SoutheastAsia_000j;migrationStage=NotStarted}
{"logTime": "0315/201511", "correlationVector":"OpHwJ6F/vcSPN6ThEr3K1/","action":"Commit Request", "result":"", "context":Item count: 1
Contributing types: Sessions}
{"logTime": "0315/201512", "correlationVector":"OpHwJ6F/vcSPN6ThEr3K1/.1","action":"SyncServerConnectionManagerRequest", "result":"SYNC_SERVER_OK", "context":{"environment":"Prod_SoutheastAsia_000j", "migrationStage":"NotStarted", "server":"GENERAL0100001H"}}
{"logTime": "0315/201512", "correlationVector":"OpHwJ6F/vcSPN6ThEr3K1/.2","action":"Commit Response", "result":"SYNCER_OK", "context":Result: SYNCER_OK. cV=OpHwJ6F/vcSPN6ThEr3K1/.0;server=GENERAL0100001H;cloudType=Consumer;environment=Prod_SoutheastAsia_000j;migrationStage=NotStarted}
{"logTime": "0315/201809", "correlationVector":"bk35J5XJEQWquLCYDPnx5S","action":"Commit Request", "result":"", "context":Item count: 1
Contributing types: Sessions}
{"logTime": "0315/201809", "correlationVector":"bk35J5XJEQWquLCYDPnx5S.1","action":"SyncServerConnectionManagerRequest", "result":"SYNC_SERVER_OK", "context":{"environment":"Prod_SoutheastAsia_000j", "migrationStage":"NotStarted", "server":"GENERAL0100000Q"}}
{"logTime": "0315/201809", "correlationVector":"bk35J5XJEQWquLCYDPnx5S.2","action":"Commit Response", "result":"SYNCER_OK", "context":Result: SYNCER_OK. cV=bk35J5XJEQWquLCYDPnx5S.0;server=GENERAL0100000Q;cloudType=Consumer;environment=Prod_SoutheastAsia_000j;migrationStage=NotStarted}
{"logTime": "0315/201840", "correlationVector":"s4N39W4qgIfCyoJPNI3mI/","action":"Commit Request", "result":"", "context":Item count: 1
Contributing types: Sessions}
{"logTime": "0315/201840", "correlationVector":"s4N39W4qgIfCyoJPNI3mI/.1","action":"SyncServerConnectionManagerRequest", "result":"SYNC_SERVER_OK", "context":{"environment":"Prod_SoutheastAsia_000j", "migrationStage":"NotStarted", "server":"GENERAL0300001K"}}
{"logTime": "0315/201840", "correlationVector":"s4N39W4qgIfCyoJPNI3mI/.2","action":"Commit Response", "result":"SYNCER_OK", "context":Result: SYNCER_OK. cV=s4N39W4qgIfCyoJPNI3mI/.0;server=GENERAL0300001K;cloudType=Consumer;environment=Prod_SoutheastAsia_000j;migrationStage=NotStarted}
{"logTime": "0315/201916", "correlationVector":"Vu3XcaUKQqbQZ0jDj275EI","action":"Commit Request", "result":"", "context":Item count: 1
Contributing types: Sessions}
{"logTime": "0315/201916", "correlationVector":"Vu3XcaUKQqbQZ0jDj275EI.1","action":"SyncServerConnectionManagerRequest", "result":"SYNC_SERVER_OK", "context":{"environment":"Prod_SoutheastAsia_000j", "migrationStage":"NotStarted", "server":"GENERAL03000019"}}
{"logTime": "0315/201916", "correlationVector":"Vu3XcaUKQqbQZ0jDj275EI.2","action":"Commit Response", "result":"SYNCER_OK", "context":Result: SYNCER_OK. cV=Vu3XcaUKQqbQZ0jDj275EI.0;server=GENERAL03000019;cloudType=Consumer;environment=Prod_SoutheastAsia_000j;migrationStage=NotStarted}
{"logTime": "0315/201950", "correlationVector":"lcT2Y5LEa6OsejCp+/F+yI","action":"Commit Request", "result":"", "context":Item count: 1
Contributing types: Sessions}
{"logTime": "0315/201951", "correlationVector":"lcT2Y5LEa6OsejCp+/F+yI.1","action":"SyncServerConnectionManagerRequest", "result":"SYNC_SERVER_OK", "context":{"environment":"Prod_SoutheastAsia_000j", "migrationStage":"NotStarted", "server":"GENERAL0100001G"}}
{"logTime": "0315/201951", "correlationVector":"lcT2Y5LEa6OsejCp+/F+yI.2","action":"Commit Response", "result":"SYNCER_OK", "context":Result: SYNCER_OK. cV=lcT2Y5LEa6OsejCp+/F+yI.0;server=GENERAL0100001G;cloudType=Consumer;environment=Prod_SoutheastAsia_000j;migrationStage=NotStarted}
{"logTime": "0315/202024", "correlationVector":"7BW2rgnLqOxiXsCgHTMNl0","action":"Commit Request", "result":"", "context":Item count: 1
Contributing types: Sessions}
{"logTime": "0315/202024", "correlationVector":"7BW2rgnLqOxiXsCgHTMNl0.1","action":"SyncServerConnectionManagerRequest", "result":"SYNC_SERVER_OK", "context":{"environment":"Prod_SoutheastAsia_000j", "migrationStage":"NotStarted", "server":"GENERAL0100001H"}}
{"logTime": "0315/202024", "correlationVector":"7BW2rgnLqOxiXsCgHTMNl0.2","action":"Commit Response", "result":"SYNCER_OK", "context":Result: SYNCER_OK. cV=7BW2rgnLqOxiXsCgHTMNl0.0;server=GENERAL0100001H;cloudType=Consumer;environment=Prod_SoutheastAsia_000j;migrationStage=NotStarted}
{"logTime": "0315/202101", "correlationVector":"xAjuoevei6MzH3m/mQAWMR","action":"Commit Request", "result":"", "context":Item count: 1
Contributing types: Sessions}
{"logTime": "0315/202101", "correlationVector":"xAjuoevei6MzH3m/mQAWMR.1","action":"SyncServerConnectionManagerRequest", "result":"SYNC_SERVER_OK", "context":{"environment":"Prod_SoutheastAsia_000j", "migrationStage":"NotStarted", "server":"GENERAL01000012"}}
{"logTime": "0315/202101", "correlationVector":"xAjuoevei6MzH3m/mQAWMR.2","action":"Commit Response", "result":"SYNCER_OK", "context":Result: SYNCER_OK. cV=xAjuoevei6MzH3m/mQAWMR.0;server=GENERAL01000012;cloudType=Consumer;environment=Prod_SoutheastAsia_000j;migrationStage=NotStarted}
{"logTime": "0315/202142", "correlationVector":"8CBeD8nO/FVqGk+XY0ePZj","action":"Commit Request", "result":"", "context":Item count: 1
Contributing types: Sessions}
{"logTime": "0315/202142", "correlationVector":"8CBeD8nO/FVqGk+XY0ePZj.1","action":"SyncServerConnectionManagerRequest", "result":"SYNC_SERVER_OK", "context":{"environment":"Prod_SoutheastAsia_000j", "migrationStage":"NotStarted", "server":"GENERAL0300002B"}}
{"logTime": "0315/202142", "correlationVector":"8CBeD8nO/FVqGk+XY0ePZj.2","action":"Commit Response", "result":"SYNCER_OK", "context":Result: SYNCER_OK. cV=8CBeD8nO/FVqGk+XY0ePZj.0;server=GENERAL0300002B;cloudType=Consumer;environment=Prod_SoutheastAsia_000j;migrationStage=NotStarted}
{"logTime": "0315/202240", "correlationVector":"1ytZ7DQhJOOwp1walU/iEX","action":"Commit Request", "result":"", "context":Item count: 1
Contributing types: Sessions}
{"logTime": "0315/202240", "correlationVector":"1ytZ7DQhJOOwp1walU/iEX.1","action":"SyncServerConnectionManagerRequest", "result":"SYNC_SERVER_OK", "context":{"environment":"Prod_SoutheastAsia_000j", "migrationStage":"NotStarted", "server":"general0300000X"}}
{"logTime": "0315/202240", "correlationVector":"1ytZ7DQhJOOwp1walU/iEX.2","action":"Commit Response", "result":"SYNCER_OK", "context":Result: SYNCER_OK. cV=1ytZ7DQhJOOwp1walU/iEX.0;server=general0300000X;cloudType=Consumer;environment=Prod_SoutheastAsia_000j;migrationStage=NotStarted}
{"logTime": "0315/202318", "correlationVector":"3jn9nsJQC0ORkIYY4GAbXF","action":"Commit Request", "result":"", "context":Item count: 1
Contributing types: Sessions}
{"logTime": "0315/202318", "correlationVector":"3jn9nsJQC0ORkIYY4GAbXF.1","action":"SyncServerConnectionManagerRequest", "result":"SYNC_SERVER_OK", "context":{"environment":"Prod_SoutheastAsia_000j", "migrationStage":"NotStarted", "server":"GENERAL0100000T"}}
{"logTime": "0315/202318", "correlationVector":"3jn9nsJQC0ORkIYY4GAbXF.2","action":"Commit Response", "result":"SYNCER_OK", "context":Result: SYNCER_OK. cV=3jn9nsJQC0ORkIYY4GAbXF.0;server=GENERAL0100000T;cloudType=Consumer;environment=Prod_SoutheastAsia_000j;migrationStage=NotStarted}
{"logTime": "0315/202404", "correlationVector":"0AbYZDvK8tySuy3Sdv7P9y","action":"Commit Request", "result":"", "context":Item count: 1
Contributing types: Sessions}
{"logTime": "0315/202404", "correlationVector":"0AbYZDvK8tySuy3Sdv7P9y.1","action":"SyncServerConnectionManagerRequest", "result":"SYNC_SERVER_OK", "context":{"environment":"Prod_SoutheastAsia_000j", "migrationStage":"NotStarted", "server":"GENERAL0100001E"}}
{"logTime": "0315/202404", "correlationVector":"0AbYZDvK8tySuy3Sdv7P9y.2","action":"Commit Response", "result":"SYNCER_OK", "context":Result: SYNCER_OK. cV=0AbYZDvK8tySuy3Sdv7P9y.0;server=GENERAL0100001E;cloudType=Consumer;environment=Prod_SoutheastAsia_000j;migrationStage=NotStarted}
{"logTime": "0315/202437", "correlationVector":"sOIURSB1PRQRsfebKykqXX","action":"Commit Request", "result":"", "context":Item count: 1
Contributing types: Sessions}
{"logTime": "0315/202437", "correlationVector":"sOIURSB1PRQRsfebKykqXX.1","action":"SyncServerConnectionManagerRequest", "result":"SYNC_SERVER_OK", "context":{"environment":"Prod_SoutheastAsia_000j", "migrationStage":"NotStarted", "server":"GENERAL01000003"}}
{"logTime": "0315/202437", "correlationVector":"sOIURSB1PRQRsfebKykqXX.2","action":"Commit Response", "result":"SYNCER_OK", "context":Result: SYNCER_OK. cV=sOIURSB1PRQRsfebKykqXX.0;server=GENERAL01000003;cloudType=Consumer;environment=Prod_SoutheastAsia_000j;migrationStage=NotStarted}
{"logTime": "0315/202514", "correlationVector":"xNSN7RANQgH/jlLu8hb7U2","action":"Commit Request", "result":"", "context":Item count: 1
Contributing types: Sessions}
{"logTime": "0315/202514", "correlationVector":"xNSN7RANQgH/jlLu8hb7U2.1","action":"SyncServerConnectionManagerRequest", "result":"SYNC_SERVER_OK", "context":{"environment":"Prod_SoutheastAsia_000j", "migrationStage":"NotStarted", "server":"GENERAL0100001F"}}
{"logTime": "0315/202514", "correlationVector":"xNSN7RANQgH/jlLu8hb7U2.2","action":"Commit Response", "result":"SYNCER_OK", "context":Result: SYNCER_OK. cV=xNSN7RANQgH/jlLu8hb7U2.0;server=GENERAL0100001F;cloudType=Consumer;environment=Prod_SoutheastAsia_000j;migrationStage=NotStarted}
{"logTime": "0315/202545", "correlationVector":"iQJp0SlElTMDdPmwghShtI","action":"Commit Request", "result":"", "context":Item count: 1
Contributing types: Sessions}
{"logTime": "0315/202545", "correlationVector":"iQJp0SlElTMDdPmwghShtI.1","action":"SyncServerConnectionManagerRequest", "result":"SYNC_SERVER_OK", "context":{"environment":"Prod_SoutheastAsia_000j", "migrationStage":"NotStarted", "server":"GENERAL03000019"}}
{"logTime": "0315/202545", "correlationVector":"iQJp0SlElTMDdPmwghShtI.2","action":"Commit Response", "result":"SYNCER_OK", "context":Result: SYNCER_OK. cV=iQJp0SlElTMDdPmwghShtI.0;server=GENERAL03000019;cloudType=Consumer;environment=Prod_SoutheastAsia_000j;migrationStage=NotStarted}
{"logTime": "0315/202619", "correlationVector":"qNfYA0OZAG2S4b1O19Yiv7","action":"Commit Request", "result":"", "context":Item count: 1
Contributing types: Sessions}
{"logTime": "0315/202619", "correlationVector":"qNfYA0OZAG2S4b1O19Yiv7.1","action":"SyncServerConnectionManagerRequest", "result":"SYNC_SERVER_OK", "context":{"environment":"Prod_SoutheastAsia_000j", "migrationStage":"NotStarted", "server":"GENERAL0100000I"}}
{"logTime": "0315/202619", "correlationVector":"qNfYA0OZAG2S4b1O19Yiv7.2","action":"Commit Response", "result":"SYNCER_OK", "context":Result: SYNCER_OK. cV=qNfYA0OZAG2S4b1O19Yiv7.0;server=GENERAL0100000I;cloudType=Consumer;environment=Prod_SoutheastAsia_000j;migrationStage=NotStarted}
